#
# A fatal error has been detected by the Java Runtime Environment:
#
#  SIGSEGV (0xb) at pc=0x000000018fec0ece, pid=28508, tid=0x0000000000016003
#
# JRE version: Java(TM) SE Runtime Environment (8.0_112-b16) (build 1.8.0_112-b16)
# Java VM: Java HotSpot(TM) 64-Bit Server VM (25.112-b16 mixed mode bsd-amd64 compressed oops)
# Problematic frame:
# C  [libLeapJava.dylib+0x3ece]  _ZN21SwigDirector_Listener7onFrameERKN4Leap10ControllerE+0x17e
#
# Failed to write core dump. Core dumps have been disabled. To enable core dumping, try "ulimit -c unlimited" before starting Java again
#
# If you would like to submit a bug report, please visit:
#   http://bugreport.java.com/bugreport/crash.jsp
# The crash happened outside the Java Virtual Machine in native code.
# See problematic frame for where to report the bug.
#

---------------  T H R E A D  ---------------

Current thread (0x00007fb544ba4000):  JavaThread "Thread-149" [_thread_in_native, id=90115, stack(0x000070000ea31000,0x000070000eab1000)]

siginfo: si_signo: 11 (SIGSEGV), si_code: 1 (SEGV_MAPERR), si_addr: 0x0000000000000028

Registers:
RAX=0x0000000000000000, RBX=0x00007fb5432b9920, RCX=0x0000000104a22370, RDX=0x00007fb54328fae0
RSP=0x000070000eab0d50, RBP=0x000070000eab0da0, RSI=0x0000000000000005, RDI=0x00007fb5432aa160
R8 =0x0000000112ef6c80, R9 =0x000070000eab0b80, R10=0x0000000104b01840, R11=0x000070000eab06a8
R12=0x00007fb549d12cc0, R13=0x00007fb54326bc60, R14=0x00007fb5432b9920, R15=0x000070000eab0d68
RIP=0x000000018fec0ece, EFLAGS=0x0000000000010246, ERR=0x0000000000000004
  TRAPNO=0x000000000000000e

Top of Stack: (sp=0x000070000eab0d50)
0x000070000eab0d50:   00007fb549d097e0 00007fb549d12cc0
0x000070000eab0d60:   00007fb5432b9928 00007fb544ba41f8
0x000070000eab0d70:   00007000fffffffe 00007fb543266370
0x000070000eab0d80:   00007fb549d12cc0 00007fb54326bc60
0x000070000eab0d90:   00007fb5432b9920 0000000000000001
0x000070000eab0da0:   000070000eab0ec0 000000018ff3d9a7
0x000070000eab0db0:   0000000000000000 00007fb542acd470
0x000070000eab0dc0:   00007fb542acd440 00007fb542acd7a0
0x000070000eab0dd0:   00007fb542acd8f8 00007fb542acd720
0x000070000eab0de0:   00007fb542acd760 00007fb542acd920
0x000070000eab0df0:   00007fb542acd6e0 0000000100001007
0x000070000eab0e00:   00007fb542acd418 00007fb542acd200
0x000070000eab0e10:   0000000000000000 0000000000000000
0x000070000eab0e20:   00007fff00000000 00007fb543266370
0x000070000eab0e30:   00007fb543266370 0000000000000001
0x000070000eab0e40:   00007fb54326bc60 00007fb54326bc60
0x000070000eab0e50:   0000000000000001 00007fb5431330b0
0x000070000eab0e60:   00007fb542acd440 00007fb549d0abc0
0x000070000eab0e70:   00007fb542acd760 0000000000000001
0x000070000eab0e80:   00007fb542acd470 00007fb549d29a00
0x000070000eab0e90:   000070000eab0e48 0000000000000000
0x000070000eab0ea0:   00007fffe63bbbd8 0000000000016003
0x000070000eab0eb0:   00007fb543028cc0 00007fb5431330b0
0x000070000eab0ec0:   000070000eab0ef0 000000018ff47161
0x000070000eab0ed0:   000070000eab1000 000000018ff470f0
0x000070000eab0ee0:   00000000180008ff 00007fb543028cc0
0x000070000eab0ef0:   000070000eab0f10 00007fffdd92b9af
0x000070000eab0f00:   0000000000016000 000070000eab1000
0x000070000eab0f10:   000070000eab0f50 00007fffdd92b8fb
0x000070000eab0f20:   0000000000000000 0000000000000000
0x000070000eab0f30:   0000000000000000 0000000000000000
0x000070000eab0f40:   0000000000000000 0000000000000000 

Instructions: (pc=0x000000018fec0ece)
0x000000018fec0eae:   48 8b 80 b8 00 00 00 4c 89 ef 4c 89 fe ff d0 83
0x000000018fec0ebe:   7d d0 fe 75 11 48 8b 45 c0 48 8b 78 08 48 8b 07
0x000000018fec0ece:   48 8b 40 28 ff d0 48 83 c4 28 5b 41 5c 41 5d 41
0x000000018fec0ede:   5e 41 5f 5d c3 49 8b 45 00 48 8b 80 88 00 00 00 

Register to memory mapping:

RAX=0x0000000000000000 is an unknown value
RBX=0x00007fb5432b9920 is an unknown value
RCX=0x0000000104a22370: UseMembar+0 in /Library/Java/JavaVirtualMachines/jdk1.8.0_112.jdk/Contents/Home/jre/lib/server/libjvm.dylib at 0x0000000104200000
RDX=0x00007fb54328fae0 is an unknown value
RSP=0x000070000eab0d50 is pointing into the stack for thread: 0x00007fb544ba4000
RBP=0x000070000eab0da0 is pointing into the stack for thread: 0x00007fb544ba4000
RSI=0x0000000000000005 is an unknown value
RDI=0x00007fb5432aa160 is an unknown value
R8 =0x0000000112ef6c80 is at code_begin+0 in an Interpreter codelet
method entry point (kind = zerolocals)  [0x0000000112ef6c80, 0x0000000112ef7100]  1152 bytes
R9 =0x000070000eab0b80 is pointing into the stack for thread: 0x00007fb544ba4000
R10=0x0000000104b01840: _ZN19TemplateInterpreter13_active_tableE+0x4800 in /Library/Java/JavaVirtualMachines/jdk1.8.0_112.jdk/Contents/Home/jre/lib/server/libjvm.dylib at 0x0000000104200000
R11=0x000070000eab06a8 is pointing into the stack for thread: 0x00007fb544ba4000
R12=0x00007fb549d12cc0 is an unknown value
R13=0x00007fb54326bc60 is an unknown value
R14=0x00007fb5432b9920 is an unknown value
R15=0x000070000eab0d68 is pointing into the stack for thread: 0x00007fb544ba4000


Stack: [0x000070000ea31000,0x000070000eab1000],  sp=0x000070000eab0d50,  free space=511k
Native frames: (J=compiled Java code, j=interpreted, Vv=VM code, C=native code)
C  [libLeapJava.dylib+0x3ece]  _ZN21SwigDirector_Listener7onFrameERKN4Leap10ControllerE+0x17e
C  [libLeap.dylib+0x279a7]  _ZNK4Leap14InteractionBox9toCStringEv+0x2d57
C  [libLeap.dylib+0x31161]  _ZNK4Leap14InteractionBox9toCStringEv+0xc511
C  [libsystem_pthread.dylib+0x39af]  _pthread_body+0xb4
C  [libsystem_pthread.dylib+0x38fb]  _pthread_body+0x0
C  [libsystem_pthread.dylib+0x3101]  thread_start+0xd
C  0x0000000000000000


---------------  P R O C E S S  ---------------

Java Threads: ( => current thread )
=>0x00007fb544ba4000 JavaThread "Thread-149" [_thread_in_native, id=90115, stack(0x000070000ea31000,0x000070000eab1000)]
  0x00007fb541aa2800 JavaThread "Thread-2" [_thread_in_native, id=91395, stack(0x000070000ec3d000,0x000070000ed3d000)]
  0x00007fb541aaa000 JavaThread "Thread-1" [_thread_blocked, id=85003, stack(0x000070000e599000,0x000070000e699000)]
  0x00007fb544986000 JavaThread "JavaCPP Deallocator" daemon [_thread_blocked, id=84655, stack(0x000070000e496000,0x000070000e596000)]
  0x00007fb5419ed800 JavaThread "AWT-EventQueue-0" [_thread_blocked, id=80403, stack(0x000070000e393000,0x000070000e493000)]
  0x00007fb542975800 JavaThread "Java2D Disposer" daemon [_thread_blocked, id=65047, stack(0x000070000e20d000,0x000070000e30d000)]
  0x00007fb54211c800 JavaThread "Java2D Queue Flusher" daemon [_thread_blocked, id=57103, stack(0x000070000e10a000,0x000070000e20a000)]
  0x00007fb542974800 JavaThread "AWT-Shutdown" [_thread_blocked, id=33311, stack(0x000070000ddfb000,0x000070000defb000)]
  0x00007fb541967000 JavaThread "AppKit Thread" daemon [_thread_in_native, id=775, stack(0x00007fff5c3ac000,0x00007fff5cbac000)]
  0x00007fb54583c800 JavaThread "Monitor Ctrl-Break" daemon [_thread_in_native, id=22275, stack(0x000070000dc75000,0x000070000dd75000)]
  0x00007fb543808000 JavaThread "Service Thread" daemon [_thread_blocked, id=21251, stack(0x000070000da6f000,0x000070000db6f000)]
  0x00007fb542800800 JavaThread "C1 CompilerThread3" daemon [_thread_blocked, id=20739, stack(0x000070000d96c000,0x000070000da6c000)]
  0x00007fb542003800 JavaThread "C2 CompilerThread2" daemon [_thread_blocked, id=20227, stack(0x000070000d869000,0x000070000d969000)]
  0x00007fb545805000 JavaThread "C2 CompilerThread1" daemon [_thread_blocked, id=19715, stack(0x000070000d766000,0x000070000d866000)]
  0x00007fb545803000 JavaThread "C2 CompilerThread0" daemon [_thread_blocked, id=19203, stack(0x000070000d663000,0x000070000d763000)]
  0x00007fb545005800 JavaThread "Signal Dispatcher" daemon [_thread_blocked, id=18691, stack(0x000070000d560000,0x000070000d660000)]
  0x00007fb543804000 JavaThread "Finalizer" daemon [_thread_in_native, id=14595, stack(0x000070000d45d000,0x000070000d55d000)]
  0x00007fb54200d000 JavaThread "Reference Handler" daemon [_thread_blocked, id=14083, stack(0x000070000d35a000,0x000070000d45a000)]
  0x00007fb541801800 JavaThread "main" [_thread_blocked, id=7171, stack(0x000070000c93c000,0x000070000ca3c000)]

Other Threads:
  0x00007fb54185d800 VMThread [stack: 0x000070000d257000,0x000070000d357000] [id=13571]
  0x00007fb54381a000 WatcherThread [stack: 0x000070000db72000,0x000070000dc72000] [id=21763]

VM state:not at safepoint (normal execution)

VM Mutex/Monitor currently owned by a thread: None

Heap:
 PSYoungGen      total 76288K, used 11539K [0x000000076ab00000, 0x0000000770000000, 0x00000007c0000000)
  eden space 65536K, 1% used [0x000000076ab00000,0x000000076ac33fd8,0x000000076eb00000)
  from space 10752K, 95% used [0x000000076f580000,0x000000076ff90d80,0x0000000770000000)
  to   space 10752K, 0% used [0x000000076eb00000,0x000000076eb00000,0x000000076f580000)
 ParOldGen       total 175104K, used 79624K [0x00000006c0000000, 0x00000006cab00000, 0x000000076ab00000)
  object space 175104K, 45% used [0x00000006c0000000,0x00000006c4dc2010,0x00000006cab00000)
 Metaspace       used 14970K, capacity 15196K, committed 15488K, reserved 1062912K
  class space    used 1698K, capacity 1795K, committed 1920K, reserved 1048576K

Card table byte_map: [0x0000000105562000,0x0000000105d63000] byte_map_base: 0x0000000101f62000

Marking Bits: (ParMarkBitMap*) 0x0000000104af0d30
 Begin Bits: [0x00000001062b9000, 0x000000010a2b9000)
 End Bits:   [0x000000010a2b9000, 0x000000010e2b9000)

Polling page: 0x00000001031e1000

CodeCache: size=245760Kb used=4570Kb max_used=4570Kb free=241189Kb
 bounds [0x0000000112ee4000, 0x0000000113364000, 0x0000000121ee4000]
 total_blobs=1930 nmethods=1286 adapters=557
 compilation: enabled

Compilation events (10 events):
Event: 8.865 Thread 0x00007fb542800800 1283       3       sun.awt.image.SunVolatileImage::getWidth (5 bytes)
Event: 8.865 Thread 0x00007fb542800800 nmethod 1283 0x000000011335c590 code [0x000000011335c700, 0x000000011335c870]
Event: 8.865 Thread 0x00007fb542800800 1284       3       sun.awt.image.SunVolatileImage::getHeight (5 bytes)
Event: 8.865 Thread 0x00007fb542800800 nmethod 1284 0x000000011335c210 code [0x000000011335c380, 0x000000011335c4f0]
Event: 8.889 Thread 0x00007fb542800800 1285       3       java.security.AccessControlContext::calculateFields (89 bytes)
Event: 8.889 Thread 0x00007fb542800800 nmethod 1285 0x000000011335a510 code [0x000000011335a6a0, 0x000000011335aa58]
Event: 8.908 Thread 0x00007fb542800800 1286       3       sun.java2d.SunGraphics2D::constrain (216 bytes)
Event: 8.910 Thread 0x00007fb542800800 nmethod 1286 0x000000011335cb90 code [0x000000011335ce40, 0x000000011335e1a8]
Event: 8.943 Thread 0x00007fb542800800 1287  s    3       com.leapmotion.leap.Interface::delete (37 bytes)
Event: 8.944 Thread 0x00007fb542800800 nmethod 1287 0x0000000113359e10 code [0x0000000113359fa0, 0x000000011335a3c8]

GC Heap History (8 events):
Event: 1.950 GC heap before
{Heap before GC invocations=1 (full 0):
 PSYoungGen      total 76288K, used 65536K [0x000000076ab00000, 0x0000000770000000, 0x00000007c0000000)
  eden space 65536K, 100% used [0x000000076ab00000,0x000000076eb00000,0x000000076eb00000)
  from space 10752K, 0% used [0x000000076f580000,0x000000076f580000,0x0000000770000000)
  to   space 10752K, 0% used [0x000000076eb00000,0x000000076eb00000,0x000000076f580000)
 ParOldGen       total 175104K, used 0K [0x00000006c0000000, 0x00000006cab00000, 0x000000076ab00000)
  object space 175104K, 0% used [0x00000006c0000000,0x00000006c0000000,0x00000006cab00000)
 Metaspace       used 9659K, capacity 9864K, committed 9984K, reserved 1058816K
  class space    used 1160K, capacity 1217K, committed 1280K, reserved 1048576K
Event: 1.957 GC heap after
Heap after GC invocations=1 (full 0):
 PSYoungGen      total 76288K, used 10487K [0x000000076ab00000, 0x0000000770000000, 0x00000007c0000000)
  eden space 65536K, 0% used [0x000000076ab00000,0x000000076ab00000,0x000000076eb00000)
  from space 10752K, 97% used [0x000000076eb00000,0x000000076f53de50,0x000000076f580000)
  to   space 10752K, 0% used [0x000000076f580000,0x000000076f580000,0x0000000770000000)
 ParOldGen       total 175104K, used 13564K [0x00000006c0000000, 0x00000006cab00000, 0x000000076ab00000)
  object space 175104K, 7% used [0x00000006c0000000,0x00000006c0d3f130,0x00000006cab00000)
 Metaspace       used 9659K, capacity 9864K, committed 9984K, reserved 1058816K
  class space    used 1160K, capacity 1217K, committed 1280K, reserved 1048576K
}
Event: 3.586 GC heap before
{Heap before GC invocations=2 (full 0):
 PSYoungGen      total 76288K, used 76023K [0x000000076ab00000, 0x0000000770000000, 0x00000007c0000000)
  eden space 65536K, 100% used [0x000000076ab00000,0x000000076eb00000,0x000000076eb00000)
  from space 10752K, 97% used [0x000000076eb00000,0x000000076f53de50,0x000000076f580000)
  to   space 10752K, 0% used [0x000000076f580000,0x000000076f580000,0x0000000770000000)
 ParOldGen       total 175104K, used 13564K [0x00000006c0000000, 0x00000006cab00000, 0x000000076ab00000)
  object space 175104K, 7% used [0x00000006c0000000,0x00000006c0d3f130,0x00000006cab00000)
 Metaspace       used 14714K, capacity 14830K, committed 15104K, reserved 1062912K
  class space    used 1693K, capacity 1762K, committed 1792K, reserved 1048576K
Event: 3.596 GC heap after
Heap after GC invocations=2 (full 0):
 PSYoungGen      total 76288K, used 10744K [0x000000076ab00000, 0x0000000770000000, 0x00000007c0000000)
  eden space 65536K, 0% used [0x000000076ab00000,0x000000076ab00000,0x000000076eb00000)
  from space 10752K, 99% used [0x000000076f580000,0x000000076fffe220,0x0000000770000000)
  to   space 10752K, 0% used [0x000000076eb00000,0x000000076eb00000,0x000000076f580000)
 ParOldGen       total 175104K, used 36278K [0x00000006c0000000, 0x00000006cab00000, 0x000000076ab00000)
  object space 175104K, 20% used [0x00000006c0000000,0x00000006c236d870,0x00000006cab00000)
 Metaspace       used 14714K, capacity 14830K, committed 15104K, reserved 1062912K
  class space    used 1693K, capacity 1762K, committed 1792K, reserved 1048576K
}
Event: 5.714 GC heap before
{Heap before GC invocations=3 (full 0):
 PSYoungGen      total 76288K, used 76280K [0x000000076ab00000, 0x0000000770000000, 0x00000007c0000000)
  eden space 65536K, 100% used [0x000000076ab00000,0x000000076eb00000,0x000000076eb00000)
  from space 10752K, 99% used [0x000000076f580000,0x000000076fffe220,0x0000000770000000)
  to   space 10752K, 0% used [0x000000076eb00000,0x000000076eb00000,0x000000076f580000)
 ParOldGen       total 175104K, used 36278K [0x00000006c0000000, 0x00000006cab00000, 0x000000076ab00000)
  object space 175104K, 20% used [0x00000006c0000000,0x00000006c236d870,0x00000006cab00000)
 Metaspace       used 14760K, capacity 14996K, committed 15232K, reserved 1062912K
  class space    used 1697K, capacity 1795K, committed 1920K, reserved 1048576K
Event: 5.725 GC heap after
Heap after GC invocations=3 (full 0):
 PSYoungGen      total 76288K, used 10732K [0x000000076ab00000, 0x0000000770000000, 0x00000007c0000000)
  eden space 65536K, 0% used [0x000000076ab00000,0x000000076ab00000,0x000000076eb00000)
  from space 10752K, 99% used [0x000000076eb00000,0x000000076f57b180,0x000000076f580000)
  to   space 10752K, 0% used [0x000000076f580000,0x000000076f580000,0x0000000770000000)
 ParOldGen       total 175104K, used 60157K [0x00000006c0000000, 0x00000006cab00000, 0x000000076ab00000)
  object space 175104K, 34% used [0x00000006c0000000,0x00000006c3abf790,0x00000006cab00000)
 Metaspace       used 14760K, capacity 14996K, committed 15232K, reserved 1062912K
  class space    used 1697K, capacity 1795K, committed 1920K, reserved 1048576K
}
Event: 8.933 GC heap before
{Heap before GC invocations=4 (full 0):
 PSYoungGen      total 76288K, used 76268K [0x000000076ab00000, 0x0000000770000000, 0x00000007c0000000)
  eden space 65536K, 100% used [0x000000076ab00000,0x000000076eb00000,0x000000076eb00000)
  from space 10752K, 99% used [0x000000076eb00000,0x000000076f57b180,0x000000076f580000)
  to   space 10752K, 0% used [0x000000076f580000,0x000000076f580000,0x0000000770000000)
 ParOldGen       total 175104K, used 60157K [0x00000006c0000000, 0x00000006cab00000, 0x000000076ab00000)
  object space 175104K, 34% used [0x00000006c0000000,0x00000006c3abf790,0x00000006cab00000)
 Metaspace       used 14970K, capacity 15196K, committed 15488K, reserved 1062912K
  class space    used 1698K, capacity 1795K, committed 1920K, reserved 1048576K
Event: 8.943 GC heap after
Heap after GC invocations=4 (full 0):
 PSYoungGen      total 76288K, used 10307K [0x000000076ab00000, 0x0000000770000000, 0x00000007c0000000)
  eden space 65536K, 0% used [0x000000076ab00000,0x000000076ab00000,0x000000076eb00000)
  from space 10752K, 95% used [0x000000076f580000,0x000000076ff90d80,0x0000000770000000)
  to   space 10752K, 0% used [0x000000076eb00000,0x000000076eb00000,0x000000076f580000)
 ParOldGen       total 175104K, used 79624K [0x00000006c0000000, 0x00000006cab00000, 0x000000076ab00000)
  object space 175104K, 45% used [0x00000006c0000000,0x00000006c4dc2010,0x00000006cab00000)
 Metaspace       used 14970K, capacity 15196K, committed 15488K, reserved 1062912K
  class space    used 1698K, capacity 1795K, committed 1920K, reserved 1048576K
}

Deoptimization events (10 events):
Event: 3.518 Thread 0x00007fb541801800 Uncommon trap: reason=unstable_if action=reinterpret pc=0x0000000113100ef0 method=java.awt.image.ComponentColorModel.getRGBComponent(Ljava/lang/Object;I)I @ 15
Event: 3.518 Thread 0x00007fb541801800 Uncommon trap: reason=unstable_if action=reinterpret pc=0x000000011310261c method=java.awt.image.ComponentColorModel.extractComponent(Ljava/lang/Object;II)I @ 4
Event: 3.518 Thread 0x00007fb541801800 Uncommon trap: reason=unstable_if action=reinterpret pc=0x00000001130fe380 method=java.awt.image.ComponentColorModel.getAlpha(Ljava/lang/Object;)I @ 4
Event: 3.519 Thread 0x00007fb541801800 Uncommon trap: reason=unstable_if action=reinterpret pc=0x000000011310fd98 method=java.awt.image.ReplicateScaleFilter.setPixels(IIIILjava/awt/image/ColorModel;[III)V @ 4
Event: 3.521 Thread 0x00007fb541801800 Uncommon trap: reason=unstable_if action=reinterpret pc=0x00000001131039b8 method=java.awt.image.ComponentColorModel.getRGB(Ljava/lang/Object;)I @ 15
Event: 3.522 Thread 0x00007fb541801800 Uncommon trap: reason=unstable_if action=reinterpret pc=0x0000000113115640 method=java.awt.image.ComponentColorModel.getRGB(Ljava/lang/Object;)I @ 15
Event: 3.618 Thread 0x00007fb541801800 Uncommon trap: reason=unstable_if action=reinterpret pc=0x000000011326d890 method=sun.awt.image.OffScreenImageSource.sendPixels()V @ 663
Event: 4.526 Thread 0x00007fb541aa2800 Uncommon trap: reason=unstable_if action=reinterpret pc=0x000000011327f0c4 method=org.bytedeco.javacv.Java2DFrameConverter.flipCopyWithGamma(Ljava/nio/ByteBuffer;ILjava/nio/ByteBuffer;IZDZI)V @ 50
Event: 5.624 Thread 0x00007fb541801800 Uncommon trap: reason=unstable_if action=reinterpret pc=0x00000001130d770c method=sun.awt.image.ByteInterleavedRaster.putByteData(IIII[B)V @ 395
Event: 5.668 Thread 0x00007fb541801800 Uncommon trap: reason=unstable_if action=reinterpret pc=0x0000000113278ef8 method=sun.awt.image.OffScreenImageSource.sendPixels()V @ 663

Internal exceptions (10 events):
Event: 0.249 Thread 0x00007fb541801800 Exception <a 'java/security/PrivilegedActionException'> (0x000000076adbfe10) thrown at [/Users/java_re/workspace/8-2-build-macosx-x86_64/jdk8u112/7935/hotspot/src/share/vm/prims/jvm.cpp, line 1390]
Event: 0.249 Thread 0x00007fb541801800 Exception <a 'java/security/PrivilegedActionException'> (0x000000076adc3300) thrown at [/Users/java_re/workspace/8-2-build-macosx-x86_64/jdk8u112/7935/hotspot/src/share/vm/prims/jvm.cpp, line 1390]
Event: 0.249 Thread 0x00007fb541801800 Exception <a 'java/security/PrivilegedActionException'> (0x000000076adc3510) thrown at [/Users/java_re/workspace/8-2-build-macosx-x86_64/jdk8u112/7935/hotspot/src/share/vm/prims/jvm.cpp, line 1390]
Event: 0.316 Thread 0x00007fb541801800 Exception <a 'java/lang/NoSuchFieldError': method resolution failed> (0x000000076aea21a0) thrown at [/Users/java_re/workspace/8-2-build-macosx-x86_64/jdk8u112/7935/hotspot/src/share/vm/prims/methodHandles.cpp, line 1146]
Event: 0.318 Thread 0x00007fb541801800 Exception <a 'java/lang/NoSuchFieldError': method resolution failed> (0x000000076aeaf970) thrown at [/Users/java_re/workspace/8-2-build-macosx-x86_64/jdk8u112/7935/hotspot/src/share/vm/prims/methodHandles.cpp, line 1146]
Event: 0.638 Thread 0x00007fb541801800 Exception <a 'java/io/FileNotFoundException'> (0x000000076b1b9e08) thrown at [/Users/java_re/workspace/8-2-build-macosx-x86_64/jdk8u112/7935/hotspot/src/share/vm/prims/jni.cpp, line 709]
Event: 0.638 Thread 0x00007fb541801800 Exception <a 'java/io/FileNotFoundException'> (0x000000076b1ba958) thrown at [/Users/java_re/workspace/8-2-build-macosx-x86_64/jdk8u112/7935/hotspot/src/share/vm/prims/jni.cpp, line 709]
Event: 1.957 Thread 0x00007fb543804000 Exception <a 'java/lang/NullPointerException'> (0x000000076ac34000) thrown at [/Users/java_re/workspace/8-2-build-macosx-x86_64/jdk8u112/7935/hotspot/src/share/vm/interpreter/linkResolver.cpp, line 1178]
Event: 3.466 Thread 0x00007fb541801800 Implicit null exception at 0x00000001130f3a34 to 0x00000001130f3ce9
Event: 3.519 Thread 0x00007fb541801800 Implicit null exception at 0x000000011310f5ec to 0x000000011310fd86

Events (10 events):
Event: 8.943 Executing VM operation: RevokeBias done
Event: 8.944 Executing VM operation: RevokeBias
Event: 8.944 Executing VM operation: RevokeBias done
Event: 8.944 Executing VM operation: RevokeBias
Event: 8.944 Executing VM operation: RevokeBias done
Event: 8.944 Executing VM operation: RevokeBias
Event: 8.944 Executing VM operation: RevokeBias done
Event: 8.944 Executing VM operation: RevokeBias
Event: 8.944 Executing VM operation: RevokeBias done
Event: 8.944 Thread 0x00007fb544ba4000 Thread added: 0x00007fb544ba4000


Dynamic libraries:
0x0000000052bb4000 	/System/Library/Frameworks/Cocoa.framework/Versions/A/Cocoa
0x0000000052bb4000 	/System/Library/Frameworks/Security.framework/Versions/A/Security
0x0000000052bb4000 	/System/Library/Frameworks/ApplicationServices.framework/Versions/A/ApplicationServices
0x0000000052bb4000 	/usr/lib/libz.1.dylib
0x0000000052bb4000 	/usr/lib/libSystem.B.dylib
0x0000000052bb4000 	/usr/lib/libobjc.A.dylib
0x0000000052bb4000 	/System/Library/Frameworks/CoreFoundation.framework/Versions/A/CoreFoundation
0x0000000052bb4000 	/System/Library/Frameworks/Foundation.framework/Versions/C/Foundation
0x0000000052bb4000 	/System/Library/Frameworks/AppKit.framework/Versions/C/AppKit
0x0000000052bb4000 	/System/Library/Frameworks/CoreData.framework/Versions/A/CoreData
0x0000000052bb4000 	/System/Library/PrivateFrameworks/RemoteViewServices.framework/Versions/A/RemoteViewServices
0x0000000052bb4000 	/System/Library/PrivateFrameworks/UIFoundation.framework/Versions/A/UIFoundation
0x0000000052bb4000 	/System/Library/PrivateFrameworks/DFRFoundation.framework/Versions/A/DFRFoundation
0x0000000052bb4000 	/usr/lib/libenergytrace.dylib
0x0000000052bb4000 	/System/Library/PrivateFrameworks/SkyLight.framework/Versions/A/SkyLight
0x0000000052bb4000 	/System/Library/Frameworks/CoreGraphics.framework/Versions/A/CoreGraphics
0x0000000052bb4000 	/usr/lib/libScreenReader.dylib
0x0000000052bb4000 	/System/Library/Frameworks/Accelerate.framework/Versions/A/Accelerate
0x0000000052bb4000 	/System/Library/Frameworks/IOSurface.framework/Versions/A/IOSurface
0x0000000052bb4000 	/System/Library/Frameworks/AudioToolbox.framework/Versions/A/AudioToolbox
0x0000000052bb4000 	/System/Library/Frameworks/AudioUnit.framework/Versions/A/AudioUnit
0x0000000052bb4000 	/System/Library/PrivateFrameworks/DataDetectorsCore.framework/Versions/A/DataDetectorsCore
0x0000000052bb4000 	/System/Library/PrivateFrameworks/DesktopServicesPriv.framework/Versions/A/DesktopServicesPriv
0x0000000052bb4000 	/System/Library/Frameworks/Carbon.framework/Versions/A/Frameworks/HIToolbox.framework/Versions/A/HIToolbox
0x0000000052bb4000 	/usr/lib/libicucore.A.dylib
0x0000000052bb4000 	/System/Library/Frameworks/QuartzCore.framework/Versions/A/QuartzCore
0x0000000052bb4000 	/System/Library/Frameworks/Carbon.framework/Versions/A/Frameworks/SpeechRecognition.framework/Versions/A/SpeechRecognition
0x0000000052bb4000 	/usr/lib/libauto.dylib
0x0000000052bb4000 	/usr/lib/libxml2.2.dylib
0x0000000052bb4000 	/System/Library/PrivateFrameworks/CoreUI.framework/Versions/A/CoreUI
0x0000000052bb4000 	/System/Library/Frameworks/CoreAudio.framework/Versions/A/CoreAudio
0x0000000052bb4000 	/System/Library/Frameworks/DiskArbitration.framework/Versions/A/DiskArbitration
0x0000000052bb4000 	/usr/lib/liblangid.dylib
0x0000000052bb4000 	/System/Library/PrivateFrameworks/MultitouchSupport.framework/Versions/A/MultitouchSupport
0x0000000052bb4000 	/System/Library/Frameworks/IOKit.framework/Versions/A/IOKit
0x0000000052bb4000 	/usr/lib/libDiagnosticMessagesClient.dylib
0x0000000052bb4000 	/System/Library/Frameworks/CoreServices.framework/Versions/A/CoreServices
0x0000000052bb4000 	/System/Library/PrivateFrameworks/PerformanceAnalysis.framework/Versions/A/PerformanceAnalysis
0x0000000052bb4000 	/System/Library/PrivateFrameworks/GenerationalStorage.framework/Versions/A/GenerationalStorage
0x0000000052bb4000 	/System/Library/Frameworks/OpenGL.framework/Versions/A/OpenGL
0x0000000052bb4000 	/System/Library/Frameworks/CoreImage.framework/Versions/A/CoreImage
0x0000000052bb4000 	/System/Library/Frameworks/CoreText.framework/Versions/A/CoreText
0x0000000052bb4000 	/System/Library/Frameworks/ImageIO.framework/Versions/A/ImageIO
0x0000000052bb4000 	/System/Library/PrivateFrameworks/Backup.framework/Versions/A/Backup
0x0000000052bb4000 	/usr/lib/libarchive.2.dylib
0x0000000052bb4000 	/System/Library/Frameworks/CFNetwork.framework/Versions/A/CFNetwork
0x0000000052bb4000 	/System/Library/Frameworks/SystemConfiguration.framework/Versions/A/SystemConfiguration
0x0000000052bb4000 	/usr/lib/libCRFSuite.dylib
0x0000000052bb4000 	/usr/lib/libc++.1.dylib
0x0000000052bb4000 	/usr/lib/libc++abi.dylib
0x0000000052bb4000 	/usr/lib/system/libcache.dylib
0x0000000052bb4000 	/usr/lib/system/libcommonCrypto.dylib
0x0000000052bb4000 	/usr/lib/system/libcompiler_rt.dylib
0x0000000052bb4000 	/usr/lib/system/libcopyfile.dylib
0x0000000052bb4000 	/usr/lib/system/libcorecrypto.dylib
0x0000000052bb4000 	/usr/lib/system/libdispatch.dylib
0x0000000052bb4000 	/usr/lib/system/libdyld.dylib
0x0000000052bb4000 	/usr/lib/system/libkeymgr.dylib
0x0000000052bb4000 	/usr/lib/system/liblaunch.dylib
0x0000000052bb4000 	/usr/lib/system/libmacho.dylib
0x0000000052bb4000 	/usr/lib/system/libquarantine.dylib
0x0000000052bb4000 	/usr/lib/system/libremovefile.dylib
0x0000000052bb4000 	/usr/lib/system/libsystem_asl.dylib
0x0000000052bb4000 	/usr/lib/system/libsystem_blocks.dylib
0x0000000052bb4000 	/usr/lib/system/libsystem_c.dylib
0x0000000052bb4000 	/usr/lib/system/libsystem_configuration.dylib
0x0000000052bb4000 	/usr/lib/system/libsystem_coreservices.dylib
0x0000000052bb4000 	/usr/lib/system/libsystem_coretls.dylib
0x0000000052bb4000 	/usr/lib/system/libsystem_dnssd.dylib
0x0000000052bb4000 	/usr/lib/system/libsystem_info.dylib
0x0000000052bb4000 	/usr/lib/system/libsystem_kernel.dylib
0x0000000052bb4000 	/usr/lib/system/libsystem_m.dylib
0x0000000052bb4000 	/usr/lib/system/libsystem_malloc.dylib
0x0000000052bb4000 	/usr/lib/system/libsystem_network.dylib
0x0000000052bb4000 	/usr/lib/system/libsystem_networkextension.dylib
0x0000000052bb4000 	/usr/lib/system/libsystem_notify.dylib
0x0000000052bb4000 	/usr/lib/system/libsystem_platform.dylib
0x0000000052bb4000 	/usr/lib/system/libsystem_pthread.dylib
0x0000000052bb4000 	/usr/lib/system/libsystem_sandbox.dylib
0x0000000052bb4000 	/usr/lib/system/libsystem_secinit.dylib
0x0000000052bb4000 	/usr/lib/system/libsystem_symptoms.dylib
0x0000000052bb4000 	/usr/lib/system/libsystem_trace.dylib
0x0000000052bb4000 	/usr/lib/system/libunwind.dylib
0x0000000052bb4000 	/usr/lib/system/libxpc.dylib
0x0000000052bb4000 	/usr/lib/libbsm.0.dylib
0x0000000052bb4000 	/usr/lib/system/libkxld.dylib
0x0000000052bb4000 	/usr/lib/libcoretls.dylib
0x0000000052bb4000 	/usr/lib/libcoretls_cfhelpers.dylib
0x0000000052bb4000 	/usr/lib/libOpenScriptingUtil.dylib
0x0000000052bb4000 	/usr/lib/libpam.2.dylib
0x0000000052bb4000 	/usr/lib/libsqlite3.dylib
0x0000000052bb4000 	/usr/lib/libxar.1.dylib
0x0000000052bb4000 	/usr/lib/libbz2.1.0.dylib
0x0000000052bb4000 	/usr/lib/liblzma.5.dylib
0x0000000052bb4000 	/usr/lib/libnetwork.dylib
0x0000000052bb4000 	/usr/lib/libpcap.A.dylib
0x0000000052bb4000 	/System/Library/Frameworks/CoreServices.framework/Versions/A/Frameworks/FSEvents.framework/Versions/A/FSEvents
0x0000000052bb4000 	/System/Library/Frameworks/CoreServices.framework/Versions/A/Frameworks/CarbonCore.framework/Versions/A/CarbonCore
0x0000000052bb4000 	/System/Library/Frameworks/CoreServices.framework/Versions/A/Frameworks/Metadata.framework/Versions/A/Metadata
0x0000000052bb4000 	/System/Library/Frameworks/CoreServices.framework/Versions/A/Frameworks/OSServices.framework/Versions/A/OSServices
0x0000000052bb4000 	/System/Library/Frameworks/CoreServices.framework/Versions/A/Frameworks/SearchKit.framework/Versions/A/SearchKit
0x0000000052bb4000 	/System/Library/Frameworks/CoreServices.framework/Versions/A/Frameworks/AE.framework/Versions/A/AE
0x0000000052bb4000 	/System/Library/Frameworks/CoreServices.framework/Versions/A/Frameworks/LaunchServices.framework/Versions/A/LaunchServices
0x0000000052bb4000 	/System/Library/Frameworks/CoreServices.framework/Versions/A/Frameworks/DictionaryServices.framework/Versions/A/DictionaryServices
0x0000000052bb4000 	/System/Library/Frameworks/CoreServices.framework/Versions/A/Frameworks/SharedFileList.framework/Versions/A/SharedFileList
0x0000000052bb4000 	/System/Library/Frameworks/NetFS.framework/Versions/A/NetFS
0x0000000052bb4000 	/System/Library/PrivateFrameworks/NetAuth.framework/Versions/A/NetAuth
0x0000000052bb4000 	/System/Library/PrivateFrameworks/login.framework/Versions/A/Frameworks/loginsupport.framework/Versions/A/loginsupport
0x0000000052bb4000 	/System/Library/PrivateFrameworks/TCC.framework/Versions/A/TCC
0x0000000052bb4000 	/usr/lib/libmecabra.dylib
0x0000000052bb4000 	/System/Library/Frameworks/ApplicationServices.framework/Versions/A/Frameworks/ATS.framework/Versions/A/ATS
0x0000000052bb4000 	/System/Library/Frameworks/ApplicationServices.framework/Versions/A/Frameworks/ColorSync.framework/Versions/A/ColorSync
0x0000000052bb4000 	/System/Library/Frameworks/ApplicationServices.framework/Versions/A/Frameworks/HIServices.framework/Versions/A/HIServices
0x0000000052bb4000 	/System/Library/Frameworks/ApplicationServices.framework/Versions/A/Frameworks/LangAnalysis.framework/Versions/A/LangAnalysis
0x0000000052bb4000 	/System/Library/Frameworks/ApplicationServices.framework/Versions/A/Frameworks/PrintCore.framework/Versions/A/PrintCore
0x0000000052bb4000 	/System/Library/Frameworks/ApplicationServices.framework/Versions/A/Frameworks/QD.framework/Versions/A/QD
0x0000000052bb4000 	/System/Library/Frameworks/ApplicationServices.framework/Versions/A/Frameworks/SpeechSynthesis.framework/Versions/A/SpeechSynthesis
0x0000000052bb4000 	/System/Library/Frameworks/Accelerate.framework/Versions/A/Frameworks/vImage.framework/Versions/A/vImage
0x0000000052bb4000 	/System/Library/Frameworks/Accelerate.framework/Versions/A/Frameworks/vecLib.framework/Versions/A/vecLib
0x0000000052bb4000 	/System/Library/Frameworks/Accelerate.framework/Versions/A/Frameworks/vecLib.framework/Versions/A/libvDSP.dylib
0x0000000052bb4000 	/System/Library/Frameworks/Accelerate.framework/Versions/A/Frameworks/vecLib.framework/Versions/A/libBNNS.dylib
0x0000000052bb4000 	/System/Library/Frameworks/Accelerate.framework/Versions/A/Frameworks/vecLib.framework/Versions/A/libQuadrature.dylib
0x0000000052bb4000 	/System/Library/Frameworks/Accelerate.framework/Versions/A/Frameworks/vecLib.framework/Versions/A/libvMisc.dylib
0x0000000052bb4000 	/System/Library/Frameworks/Accelerate.framework/Versions/A/Frameworks/vecLib.framework/Versions/A/libLAPACK.dylib
0x0000000052bb4000 	/System/Library/Frameworks/Accelerate.framework/Versions/A/Frameworks/vecLib.framework/Versions/A/libBLAS.dylib
0x0000000052bb4000 	/System/Library/Frameworks/Accelerate.framework/Versions/A/Frameworks/vecLib.framework/Versions/A/libLinearAlgebra.dylib
0x0000000052bb4000 	/System/Library/Frameworks/Accelerate.framework/Versions/A/Frameworks/vecLib.framework/Versions/A/libSparseBLAS.dylib
0x0000000052bb4000 	/System/Library/Frameworks/ApplicationServices.framework/Versions/A/Frameworks/ATS.framework/Versions/A/Resources/libFontParser.dylib
0x0000000052bb4000 	/System/Library/Frameworks/ApplicationServices.framework/Versions/A/Frameworks/ATS.framework/Versions/A/Resources/libFontRegistry.dylib
0x0000000052bb4000 	/System/Library/Frameworks/ImageIO.framework/Versions/A/Resources/libJPEG.dylib
0x0000000052bb4000 	/System/Library/Frameworks/ImageIO.framework/Versions/A/Resources/libTIFF.dylib
0x0000000052bb4000 	/System/Library/Frameworks/ImageIO.framework/Versions/A/Resources/libPng.dylib
0x0000000052bb4000 	/System/Library/Frameworks/ImageIO.framework/Versions/A/Resources/libGIF.dylib
0x0000000052bb4000 	/System/Library/Frameworks/ImageIO.framework/Versions/A/Resources/libJP2.dylib
0x0000000052bb4000 	/System/Library/Frameworks/ImageIO.framework/Versions/A/Resources/libRadiance.dylib
0x0000000052bb4000 	/usr/lib/libcompression.dylib
0x0000000052bb4000 	/System/Library/PrivateFrameworks/AppleJPEG.framework/Versions/A/AppleJPEG
0x0000000052bb4000 	/usr/lib/libcups.2.dylib
0x0000000052bb4000 	/System/Library/Frameworks/Kerberos.framework/Versions/A/Kerberos
0x0000000052bb4000 	/System/Library/Frameworks/GSS.framework/Versions/A/GSS
0x0000000052bb4000 	/usr/lib/libresolv.9.dylib
0x0000000052bb4000 	/usr/lib/libiconv.2.dylib
0x0000000052bb4000 	/System/Library/PrivateFrameworks/Heimdal.framework/Versions/A/Heimdal
0x0000000052bb4000 	/usr/lib/libheimdal-asn1.dylib
0x0000000052bb4000 	/System/Library/Frameworks/OpenDirectory.framework/Versions/A/OpenDirectory
0x0000000052bb4000 	/System/Library/PrivateFrameworks/CommonAuth.framework/Versions/A/CommonAuth
0x0000000052bb4000 	/System/Library/Frameworks/OpenDirectory.framework/Versions/A/Frameworks/CFOpenDirectory.framework/Versions/A/CFOpenDirectory
0x0000000052bb4000 	/System/Library/Frameworks/SecurityFoundation.framework/Versions/A/SecurityFoundation
0x0000000052bb4000 	/System/Library/PrivateFrameworks/LanguageModeling.framework/Versions/A/LanguageModeling
0x0000000052bb4000 	/usr/lib/libmarisa.dylib
0x0000000052bb4000 	/usr/lib/libChineseTokenizer.dylib
0x0000000052bb4000 	/usr/lib/libcmph.dylib
0x0000000052bb4000 	/System/Library/PrivateFrameworks/CoreEmoji.framework/Versions/A/CoreEmoji
0x0000000052bb4000 	/System/Library/Frameworks/ServiceManagement.framework/Versions/A/ServiceManagement
0x0000000052bb4000 	/usr/lib/libxslt.1.dylib
0x0000000052bb4000 	/System/Library/Frameworks/Carbon.framework/Versions/A/Frameworks/Ink.framework/Versions/A/Ink
0x0000000052bb4000 	/System/Library/PrivateFrameworks/TextureIO.framework/Versions/A/TextureIO
0x0000000052bb4000 	/System/Library/Frameworks/Metal.framework/Versions/A/Metal
0x0000000052bb4000 	/usr/lib/libate.dylib
0x0000000052bb4000 	/System/Library/PrivateFrameworks/GPUCompiler.framework/libmetal_timestamp.dylib
0x0000000052bb4000 	/System/Library/Frameworks/OpenGL.framework/Versions/A/Libraries/libCoreFSCache.dylib
0x0000000052bb4000 	/System/Library/PrivateFrameworks/IOAccelerator.framework/Versions/A/IOAccelerator
0x0000000052bb4000 	/System/Library/Frameworks/CoreVideo.framework/Versions/A/CoreVideo
0x0000000052bb4000 	/usr/lib/libFosl_dynamic.dylib
0x0000000052bb4000 	/System/Library/PrivateFrameworks/MetalPerformanceShaders.framework/Versions/A/MetalPerformanceShaders
0x0000000052bb4000 	/System/Library/PrivateFrameworks/FaceCore.framework/Versions/A/FaceCore
0x0000000052bb4000 	/System/Library/Frameworks/OpenCL.framework/Versions/A/OpenCL
0x0000000052bb4000 	/System/Library/Frameworks/OpenGL.framework/Versions/A/Libraries/libGLU.dylib
0x0000000052bb4000 	/System/Library/Frameworks/OpenGL.framework/Versions/A/Libraries/libGFXShared.dylib
0x0000000052bb4000 	/System/Library/Frameworks/OpenGL.framework/Versions/A/Libraries/libGL.dylib
0x0000000052bb4000 	/System/Library/Frameworks/OpenGL.framework/Versions/A/Libraries/libGLImage.dylib
0x0000000052bb4000 	/System/Library/Frameworks/OpenGL.framework/Versions/A/Libraries/libCVMSPluginSupport.dylib
0x0000000052bb4000 	/System/Library/Frameworks/OpenGL.framework/Versions/A/Libraries/libCoreVMClient.dylib
0x0000000052bb4000 	/System/Library/PrivateFrameworks/CrashReporterSupport.framework/Versions/A/CrashReporterSupport
0x0000000052bb4000 	/System/Library/PrivateFrameworks/Sharing.framework/Versions/A/Sharing
0x0000000052bb4000 	/System/Library/PrivateFrameworks/IconServices.framework/Versions/A/IconServices
0x0000000052bb4000 	/System/Library/PrivateFrameworks/ProtocolBuffer.framework/Versions/A/ProtocolBuffer
0x0000000052bb4000 	/System/Library/PrivateFrameworks/Apple80211.framework/Versions/A/Apple80211
0x0000000052bb4000 	/System/Library/Frameworks/CoreWLAN.framework/Versions/A/CoreWLAN
0x0000000052bb4000 	/System/Library/PrivateFrameworks/CoreUtils.framework/Versions/A/CoreUtils
0x0000000052bb4000 	/System/Library/Frameworks/IOBluetooth.framework/Versions/A/IOBluetooth
0x0000000052bb4000 	/System/Library/PrivateFrameworks/CoreWiFi.framework/Versions/A/CoreWiFi
0x0000000052bb4000 	/System/Library/Frameworks/CoreBluetooth.framework/Versions/A/CoreBluetooth
0x0000000052bb4000 	/System/Library/Frameworks/CoreDisplay.framework/Versions/A/CoreDisplay
0x0000000052bb4000 	/System/Library/PrivateFrameworks/IOPresentment.framework/Versions/A/IOPresentment
0x0000000052bb4000 	/System/Library/PrivateFrameworks/DSExternalDisplay.framework/Versions/A/DSExternalDisplay
0x0000000052bb4000 	/System/Library/PrivateFrameworks/DebugSymbols.framework/Versions/A/DebugSymbols
0x0000000052bb4000 	/System/Library/PrivateFrameworks/CoreSymbolication.framework/Versions/A/CoreSymbolication
0x0000000052bb4000 	/System/Library/PrivateFrameworks/Symbolication.framework/Versions/A/Symbolication
0x0000000052bb4000 	/System/Library/PrivateFrameworks/AppleFSCompression.framework/Versions/A/AppleFSCompression
0x0000000052bb4000 	/System/Library/PrivateFrameworks/SpeechRecognitionCore.framework/Versions/A/SpeechRecognitionCore
0x0000000052bb4000 	/System/Library/PrivateFrameworks/ChunkingLibrary.framework/Versions/A/ChunkingLibrary
0x00000001030a1000 	/System/Library/CoreServices/Encodings/libSimplifiedChineseConverter.dylib
0x0000000104200000 	/Library/Java/JavaVirtualMachines/jdk1.8.0_112.jdk/Contents/Home/jre/lib/server/libjvm.dylib
0x00000001030e5000 	/usr/lib/libstdc++.6.dylib
0x000000010319e000 	/Library/Java/JavaVirtualMachines/jdk1.8.0_112.jdk/Contents/Home/jre/lib/libverify.dylib
0x00000001031ac000 	/Library/Java/JavaVirtualMachines/jdk1.8.0_112.jdk/Contents/Home/jre/lib/libjava.dylib
0x00000001031eb000 	/Library/Java/JavaVirtualMachines/jdk1.8.0_112.jdk/Contents/Home/jre/lib/libzip.dylib
0x0000000111257000 	/System/Library/Frameworks/JavaVM.framework/Frameworks/JavaRuntimeSupport.framework/JavaRuntimeSupport
0x0000000111271000 	/System/Library/Frameworks/JavaVM.framework/Versions/A/Frameworks/JavaNativeFoundation.framework/Versions/A/JavaNativeFoundation
0x0000000111286000 	/System/Library/Frameworks/JavaVM.framework/Versions/A/JavaVM
0x0000000052bb4000 	/System/Library/Frameworks/Carbon.framework/Versions/A/Carbon
0x0000000111293000 	/System/Library/PrivateFrameworks/JavaLaunching.framework/Versions/A/JavaLaunching
0x0000000052bb4000 	/System/Library/Frameworks/Carbon.framework/Versions/A/Frameworks/CommonPanels.framework/Versions/A/CommonPanels
0x0000000052bb4000 	/System/Library/Frameworks/Carbon.framework/Versions/A/Frameworks/Help.framework/Versions/A/Help
0x0000000052bb4000 	/System/Library/Frameworks/Carbon.framework/Versions/A/Frameworks/ImageCapture.framework/Versions/A/ImageCapture
0x0000000052bb4000 	/System/Library/Frameworks/Carbon.framework/Versions/A/Frameworks/OpenScripting.framework/Versions/A/OpenScripting
0x0000000052bb4000 	/System/Library/Frameworks/Carbon.framework/Versions/A/Frameworks/Print.framework/Versions/A/Print
0x0000000052bb4000 	/System/Library/Frameworks/Carbon.framework/Versions/A/Frameworks/SecurityHI.framework/Versions/A/SecurityHI
0x0000000112cd4000 	/Users/ylx/Library/Application Support/JetBrains/Toolbox/apps/IDEA-U/ch-0/163.12024.16/IntelliJ IDEA.app/Contents/bin/libbreakgen64.jnilib
0x0000000112cd7000 	/Library/Java/JavaVirtualMachines/jdk1.8.0_112.jdk/Contents/Home/jre/lib/libnet.dylib
0x0000000112d3b000 	/Library/Java/JavaVirtualMachines/jdk1.8.0_112.jdk/Contents/Home/jre/lib/libawt.dylib
0x0000000121ee4000 	/Library/Java/JavaVirtualMachines/jdk1.8.0_112.jdk/Contents/Home/jre/lib/./libmlib_image.dylib
0x0000000121fb0000 	/Library/Java/JavaVirtualMachines/jdk1.8.0_112.jdk/Contents/Home/jre/lib/libawt_lwawt.dylib
0x0000000112de3000 	/Library/Java/JavaVirtualMachines/jdk1.8.0_112.jdk/Contents/Home/jre/lib/./libosxapp.dylib
0x0000000052bb4000 	/System/Library/Frameworks/ExceptionHandling.framework/Versions/A/ExceptionHandling
0x0000000052bb4000 	/System/Library/PrivateFrameworks/CoreServicesInternal.framework/Versions/A/CoreServicesInternal
0x0000000052bb4000 	/System/Library/CoreServices/RawCamera.bundle/Contents/MacOS/RawCamera
0x0000000122f85000 	/System/Library/Frameworks/Accelerate.framework/Frameworks/vImage.framework/Versions/A/Libraries/libCGInterfaces.dylib
0x0000000052bb4000 	/System/Library/Frameworks/ApplicationServices.framework/Versions/A/Frameworks/ATS.framework/Versions/A/Resources/libTrueTypeScaler.dylib
0x0000000123e93000 	/System/Library/Frameworks/OpenGL.framework/Resources/GLEngine.bundle/GLEngine
0x0000000052bb4000 	/System/Library/Frameworks/OpenGL.framework/Versions/A/Libraries/libGLProgrammability.dylib
0x0000000124078000 	/System/Library/Extensions/AppleIntelSKLGraphicsGLDriver.bundle/Contents/MacOS/AppleIntelSKLGraphicsGLDriver
0x0000000052bb4000 	/System/Library/PrivateFrameworks/GPUSupport.framework/Versions/A/Libraries/libGPUSupportMercury.dylib
0x0000000124e06000 	/System/Library/Extensions/AMDRadeonX4000GLDriver.bundle/Contents/MacOS/AMDRadeonX4000GLDriver
0x0000000124ee6000 	/System/Library/Extensions/AMDRadeonX4000GLDriver.bundle/Contents/MacOS/ATIRadeonX4000SCLib.dylib
0x00000001254c5000 	/System/Library/Frameworks/OpenGL.framework/Resources//GLRendererFloat.bundle/GLRendererFloat
0x0000000052bb4000 	/System/Library/Frameworks/OpenCL.framework/Versions/A/Libraries/libcldcpuengine.dylib
0x0000000052bb4000 	/usr/lib/libcrypto.0.9.8.dylib
0x0000000052bb4000 	/System/Library/PrivateFrameworks/TrustEvaluationAgent.framework/Versions/A/TrustEvaluationAgent
0x00000001254f9000 	/System/Library/Extensions/AppleIntelSKLGraphicsMTLDriver.bundle/Contents/MacOS/AppleIntelSKLGraphicsMTLDriver
0x0000000052bb4000 	/System/Library/Extensions/AMDMTLBronzeDriver.bundle/Contents/MacOS/AMDMTLBronzeDriver
0x0000000052bb4000 	/System/Library/PrivateFrameworks/IOAccelMemoryInfo.framework/Versions/A/IOAccelMemoryInfo
0x0000000052bb4000 	/System/Library/PrivateFrameworks/FamilyControls.framework/Versions/A/FamilyControls
0x0000000052bb4000 	/System/Library/PrivateFrameworks/CommerceKit.framework/Versions/A/Frameworks/CommerceCore.framework/Versions/A/CommerceCore
0x0000000052bb4000 	/System/Library/PrivateFrameworks/SystemAdministration.framework/Versions/A/SystemAdministration
0x0000000052bb4000 	/System/Library/PrivateFrameworks/AppContainer.framework/Versions/A/AppContainer
0x0000000052bb4000 	/System/Library/PrivateFrameworks/SecCodeWrapper.framework/Versions/A/SecCodeWrapper
0x0000000052bb4000 	/System/Library/Frameworks/DirectoryService.framework/Versions/A/DirectoryService
0x0000000052bb4000 	/System/Library/PrivateFrameworks/DiskImages.framework/Versions/A/DiskImages
0x0000000052bb4000 	/System/Library/PrivateFrameworks/LoginUIKit.framework/Versions/A/Frameworks/LoginUICore.framework/Versions/A/LoginUICore
0x0000000052bb4000 	/usr/lib/libCoreStorage.dylib
0x0000000052bb4000 	/usr/lib/libcsfde.dylib
0x0000000052bb4000 	/usr/lib/libodfde.dylib
0x0000000052bb4000 	/System/Library/Frameworks/DiscRecording.framework/Versions/A/DiscRecording
0x0000000052bb4000 	/usr/lib/libcurl.4.dylib
0x0000000052bb4000 	/System/Library/PrivateFrameworks/MediaKit.framework/Versions/A/MediaKit
0x0000000052bb4000 	/System/Library/PrivateFrameworks/ProtectedCloudStorage.framework/Versions/A/ProtectedCloudStorage
0x0000000052bb4000 	/System/Library/PrivateFrameworks/EFILogin.framework/Versions/A/EFILogin
0x0000000052bb4000 	/usr/lib/libutil.dylib
0x0000000052bb4000 	/System/Library/Frameworks/LDAP.framework/Versions/A/LDAP
0x0000000052bb4000 	/usr/lib/libsasl2.2.dylib
0x0000000052bb4000 	/System/Library/PrivateFrameworks/CoreDaemon.framework/Versions/B/CoreDaemon
0x0000000052bb4000 	/System/Library/PrivateFrameworks/AppleSRP.framework/Versions/A/AppleSRP
0x0000000052bb4000 	/System/Library/PrivateFrameworks/APFS.framework/Versions/A/APFS
0x0000000052bb4000 	/System/Library/PrivateFrameworks/ViewBridge.framework/Versions/A/ViewBridge
0x0000000052bb4000 	/System/Library/PrivateFrameworks/XPCService.framework/Versions/A/XPCService
0x0000000052bb4000 	/System/Library/PrivateFrameworks/AppSandbox.framework/Versions/A/AppSandbox
0x0000000052bb4000 	/usr/lib/libsandbox.1.dylib
0x0000000052bb4000 	/usr/lib/libMatch.1.dylib
0x0000000126d72000 	/Library/Java/JavaVirtualMachines/jdk1.8.0_112.jdk/Contents/Home/jre/lib/libfontmanager.dylib
0x0000000126dd9000 	/Library/Java/JavaVirtualMachines/jdk1.8.0_112.jdk/Contents/Home/jre/lib/libosxui.dylib
0x000000012c3b2000 	/Library/Java/JavaVirtualMachines/jdk1.8.0_112.jdk/Contents/Home/jre/lib/libjpeg.dylib
0x000000012c3df000 	/Library/Java/JavaVirtualMachines/jdk1.8.0_112.jdk/Contents/Home/jre/lib/liblcms.dylib
0x000000012c896000 	/Library/Java/JavaVirtualMachines/jdk1.8.0_112.jdk/Contents/Home/jre/lib/libnio.dylib
0x000000018f392000 	/Users/ylx/.javacpp/cache/opencv-macosx-x86_64.jar/org/bytedeco/javacpp/macosx-x86_64/libopencv_core.3.1.dylib
0x000000018f629000 	/Users/ylx/.javacpp/cache/opencv-macosx-x86_64.jar/org/bytedeco/javacpp/macosx-x86_64/libopencv_imgproc.3.1.dylib
0x000000018f954000 	/Users/ylx/.javacpp/cache/opencv-macosx-x86_64.jar/org/bytedeco/javacpp/macosx-x86_64/libjniopencv_core.dylib
0x000000018febd000 	/Library/Java/Extensions/libLeapJava.dylib
0x000000018ff16000 	/Library/Java/Extensions/libLeap.dylib
0x00000001900b4000 	/Users/ylx/.javacpp/cache/opencv-macosx-x86_64.jar/org/bytedeco/javacpp/macosx-x86_64/libjniopencv_imgproc.dylib
0x00000001901c8000 	/Users/ylx/.javacpp/cache/opencv-macosx-x86_64.jar/org/bytedeco/javacpp/macosx-x86_64/libopencv_imgcodecs.3.1.dylib
0x000000019046e000 	/Users/ylx/.javacpp/cache/opencv-macosx-x86_64.jar/org/bytedeco/javacpp/macosx-x86_64/libjniopencv_imgcodecs.dylib
0x0000000190494000 	/Users/ylx/.javacpp/cache/opencv-macosx-x86_64.jar/org/bytedeco/javacpp/macosx-x86_64/libopencv_videoio.3.1.dylib
0x0000000052bb4000 	/System/Library/Frameworks/QTKit.framework/Versions/A/QTKit
0x0000000052bb4000 	/System/Library/Frameworks/AVFoundation.framework/Versions/A/AVFoundation
0x0000000052bb4000 	/System/Library/Frameworks/CoreMedia.framework/Versions/A/CoreMedia
0x0000000052bb4000 	/System/Library/Frameworks/MediaToolbox.framework/Versions/A/MediaToolbox
0x0000000052bb4000 	/System/Library/Frameworks/VideoToolbox.framework/Versions/A/VideoToolbox
0x0000000052bb4000 	/System/Library/PrivateFrameworks/CoreMediaAuthoring.framework/Versions/A/CoreMediaAuthoring
0x0000000052bb4000 	/System/Library/Frameworks/CoreMediaIO.framework/Versions/A/CoreMediaIO
0x0000000052bb4000 	/System/Library/Frameworks/AVFoundation.framework/Versions/A/Frameworks/AVFAudio.framework/Versions/A/AVFAudio
0x0000000052bb4000 	/System/Library/PrivateFrameworks/IntlPreferences.framework/Versions/A/IntlPreferences
0x0000000052bb4000 	/usr/lib/libspindump.dylib
0x0000000052bb4000 	/usr/lib/libdscsym.dylib
0x0000000052bb4000 	/System/Library/PrivateFrameworks/CoreAVCHD.framework/Versions/A/CoreAVCHD
0x0000000052bb4000 	/System/Library/Frameworks/MediaAccessibility.framework/Versions/A/MediaAccessibility
0x0000000052bb4000 	/System/Library/PrivateFrameworks/Mangrove.framework/Versions/A/Mangrove
0x0000000052bb4000 	/System/Library/PrivateFrameworks/CoreAUC.framework/Versions/A/CoreAUC
0x0000000052bb4000 	/System/Library/PrivateFrameworks/AppleVA.framework/Versions/A/AppleVA
0x00000001904b5000 	/Users/ylx/.javacpp/cache/opencv-macosx-x86_64.jar/org/bytedeco/javacpp/macosx-x86_64/libjniopencv_videoio.dylib
0x00000001904cb000 	/System/Library/Extensions/AppleHDA.kext/Contents/PlugIns/AppleHDAHALPlugIn.bundle/Contents/MacOS/AppleHDAHALPlugIn
0x00000001904d5000 	/System/Library/Frameworks/CoreMediaIO.framework/Resources/VDC.plugin/Contents/MacOS/VDC
0x0000000123c6f000 	/System/Library/Frameworks/CoreMediaIO.framework/Resources/CMIOUnits.bundle/Contents/MacOS/CMIOUnits
0x0000000123dfc000 	/System/Library/PrivateFrameworks/FWAVC.framework/Versions/A/FWAVC
0x0000000052bb4000 	/System/Library/PrivateFrameworks/AppleGVA.framework/Versions/A/AppleGVA

VM Arguments:
jvm_args: -Didea.launcher.port=7532 -Didea.launcher.bin.path=/Users/ylx/Library/Application Support/JetBrains/Toolbox/apps/IDEA-U/ch-0/163.12024.16/IntelliJ IDEA.app/Contents/bin -Dfile.encoding=UTF-8 
java_command: com.intellij.rt.execution.application.AppMain com.ylx.setup.Main
java_class_path (initial): /Library/Java/JavaVirtualMachines/jdk1.8.0_112.jdk/Contents/Home/jre/lib/charsets.jar:/Library/Java/JavaVirtualMachines/jdk1.8.0_112.jdk/Contents/Home/jre/lib/deploy.jar:/Library/Java/JavaVirtualMachines/jdk1.8.0_112.jdk/Contents/Home/jre/lib/ext/cldrdata.jar:/Library/Java/JavaVirtualMachines/jdk1.8.0_112.jdk/Contents/Home/jre/lib/ext/dnsns.jar:/Library/Java/JavaVirtualMachines/jdk1.8.0_112.jdk/Contents/Home/jre/lib/ext/jaccess.jar:/Library/Java/JavaVirtualMachines/jdk1.8.0_112.jdk/Contents/Home/jre/lib/ext/jfxrt.jar:/Library/Java/JavaVirtualMachines/jdk1.8.0_112.jdk/Contents/Home/jre/lib/ext/localedata.jar:/Library/Java/JavaVirtualMachines/jdk1.8.0_112.jdk/Contents/Home/jre/lib/ext/nashorn.jar:/Library/Java/JavaVirtualMachines/jdk1.8.0_112.jdk/Contents/Home/jre/lib/ext/sunec.jar:/Library/Java/JavaVirtualMachines/jdk1.8.0_112.jdk/Contents/Home/jre/lib/ext/sunjce_provider.jar:/Library/Java/JavaVirtualMachines/jdk1.8.0_112.jdk/Contents/Home/jre/lib/ext/sunpkcs11.jar:/Library/Java/JavaVirtualMachines/jdk1.8.0_112.jdk/Contents/Home/jre/lib/ext/zipfs.jar:/Library/Java/JavaVirtualMachines/jdk1.8.0_112.jdk/Contents/Home/jre/lib/javaws.jar:/Library/Java/JavaVirtualMachines/jdk1.8.0_112.jdk/Contents/Home/jre/lib/jce.jar:/Library/Java/JavaVirtualMachines/jdk1.8.0_112.jdk/Contents/Home/jre/lib/jfr.jar:/Library/Java/JavaVirtualMachines/jdk1.8.0_112.jdk/Contents/Home/jre/lib/jfxswt.jar:/Library/Java/JavaVirtualMachines/jdk1.8.0_112.jdk/Contents/Home/jre/lib/jsse.jar:/Library/Java/JavaVirtualMachines/jdk1.8.0_112.jdk/Contents/Home/jre/lib/management-agent.jar:/Library/Java/JavaVirtualMachines/jdk1.8.0_112.jdk/Contents/Home/jre/lib/plugin.jar:/Library/Java/JavaVirtualMachines/jdk1.8.0_112.jdk/Contents/Home/jre/lib/resources.jar:/Library/Java/JavaVirtualMachines/jdk1.8.0_112.jdk/Contents/Home/jre/lib/rt.jar:/Library/Java/JavaVirtualMachines/jdk1.8.0_112.jdk/Contents/Home/lib/ant-javafx.jar:/Library/Java/JavaVirtualMachines/jdk1.8.0_112.jdk/Contents/Home
Launcher Type: SUN_STANDARD

Environment Variables:
PATH=/usr/local/bin:/usr/bin:/bin:/usr/sbin:/sbin:/Applications/Wireshark.app/Contents/MacOS:/usr/local/mysql/bin
SHELL=/bin/bash

Signal Handlers:
SIGSEGV: [libjvm.dylib+0x5b11a5], sa_mask[0]=11111111011111110111111111111111, sa_flags=SA_ONSTACK|SA_RESTART|SA_SIGINFO
SIGBUS: [libjvm.dylib+0x5b11a5], sa_mask[0]=11111111011111110111111111111111, sa_flags=SA_RESTART|SA_SIGINFO
SIGFPE: [libjvm.dylib+0x487dc0], sa_mask[0]=11111111011111110111111111111111, sa_flags=SA_RESTART|SA_SIGINFO
SIGPIPE: [libjvm.dylib+0x487dc0], sa_mask[0]=11111111011111110111111111111111, sa_flags=SA_RESTART|SA_SIGINFO
SIGXFSZ: [libjvm.dylib+0x487dc0], sa_mask[0]=11111111011111110111111111111111, sa_flags=SA_RESTART|SA_SIGINFO
SIGILL: [libjvm.dylib+0x487dc0], sa_mask[0]=11111111011111110111111111111111, sa_flags=SA_RESTART|SA_SIGINFO
SIGUSR1: SIG_DFL, sa_mask[0]=00000000000000000000000000000000, sa_flags=none
SIGUSR2: [libjvm.dylib+0x4878de], sa_mask[0]=00100000000000000000000000000000, sa_flags=SA_RESTART|SA_SIGINFO
SIGHUP: [libjvm.dylib+0x485eb5], sa_mask[0]=11111111011111110111111111111111, sa_flags=SA_RESTART|SA_SIGINFO
SIGINT: [libjvm.dylib+0x485eb5], sa_mask[0]=11111111011111110111111111111111, sa_flags=SA_RESTART|SA_SIGINFO
SIGTERM: [libjvm.dylib+0x485eb5], sa_mask[0]=11111111011111110111111111111111, sa_flags=SA_RESTART|SA_SIGINFO
SIGQUIT: [libjvm.dylib+0x485eb5], sa_mask[0]=11111111011111110111111111111111, sa_flags=SA_RESTART|SA_SIGINFO


---------------  S Y S T E M  ---------------

OS:Bsduname:Darwin 16.5.0 Darwin Kernel Version 16.5.0: Fri Mar  3 16:52:33 PST 2017; root:xnu-3789.51.2~3/RELEASE_X86_64 x86_64
rlimit: STACK 8192k, CORE 0k, NPROC 709, NOFILE 10240, AS infinity
load average:2.46 2.42 2.36

CPU:total 8 (4 cores per cpu, 2 threads per core) family 6 model 94 stepping 3, cmov, cx8, fxsr, mmx, sse, sse2, sse3, ssse3, sse4.1, sse4.2, popcnt, avx, avx2, aes, clmul, erms, rtm, 3dnowpref, lzcnt, ht, tsc, tscinvbit, bmi1, bmi2, adx

Memory: 4k page, physical 16777216k(3191896k free)

/proc/meminfo:


vm_info: Java HotSpot(TM) 64-Bit Server VM (25.112-b16) for bsd-amd64 JRE (1.8.0_112-b16), built on Sep 30 2016 22:41:41 by "java_re" with gcc 4.2.1 (Based on Apple Inc. build 5658) (LLVM build 2336.11.00)

time: Sat Apr  1 12:49:08 2017
elapsed time: 8 seconds (0d 0h 0m 8s)

