#
# A fatal error has been detected by the Java Runtime Environment:
#
#  SIGSEGV (0xb) at pc=0x000000019aa85bdc, pid=28638, tid=0x0000000000003903
#
# JRE version: Java(TM) SE Runtime Environment (8.0_112-b16) (build 1.8.0_112-b16)
# Java VM: Java HotSpot(TM) 64-Bit Server VM (25.112-b16 mixed mode bsd-amd64 compressed oops)
# Problematic frame:
# C  [libLeap.dylib+0x27bdc]  Leap::InteractionBox::toCString() const+0x2f8c
#
# Failed to write core dump. Core dumps have been disabled. To enable core dumping, try "ulimit -c unlimited" before starting Java again
#
# If you would like to submit a bug report, please visit:
#   http://bugreport.java.com/bugreport/crash.jsp
# The crash happened outside the Java Virtual Machine in native code.
# See problematic frame for where to report the bug.
#

---------------  T H R E A D  ---------------

Current thread (0x00007f9981002000):  JavaThread "Finalizer" daemon [_thread_in_native, id=14595, stack(0x000070000b5d9000,0x000070000b6d9000)]

siginfo: si_signo: 11 (SIGSEGV), si_code: 0 (unknown), si_addr: 0x0000000000000000

Registers:
RAX=0x6d6f635f6176614a, RBX=0x00007f998452e230, RCX=0x0000930000009300, RDX=0x00007f997ea8cfa0
RSP=0x000070000b6d8680, RBP=0x000070000b6d86d0, RSI=0x0000930000000000, RDI=0x00007f997eacb120
R8 =0x00007f997ea8cf98, R9 =0x0000000000000000, R10=0x0000000000000000, R11=0xffffffff00000000
R12=0x00007f9980381520, R13=0x00007f9980381000, R14=0x00007f997eaa4280, R15=0x000070000b6d8698
RIP=0x000000019aa85bdc, EFLAGS=0x0000000000010216, ERR=0x0000000000000000
  TRAPNO=0x000000000000000d

Top of Stack: (sp=0x000070000b6d8680)
0x000070000b6d8680:   00007f9980381218 00007f99803814a0
0x000070000b6d8690:   00007f997eaa4280 00007f997eaa4280
0x000070000b6d86a0:   0000000000000001 00007f998452e230
0x000070000b6d86b0:   0000000000000000 000000019a8269b0
0x000070000b6d86c0:   00007f997ea8cf30 00007f9981002000
0x000070000b6d86d0:   000070000b6d86f0 000000019aa6af4f
0x000070000b6d86e0:   000000019a8269b0 000070000b6d8778
0x000070000b6d86f0:   000070000b6d8750 0000000111e429f4
0x000070000b6d8700:   0000000111e4e9a3 0000000111e42742
0x000070000b6d8710:   000070000b6d8710 000000019a8269b0
0x000070000b6d8720:   000070000b6d8778 000000019a82a160
0x000070000b6d8730:   0000000000000000 000000019a8269b0
0x000070000b6d8740:   0000000000000000 000070000b6d8770
0x000070000b6d8750:   000070000b6d87d0 0000000111e332bd
0x000070000b6d8760:   000000076f5e5188 0000000111e3c538
0x000070000b6d8770:   00007f998452e230 00000006c295bc78
0x000070000b6d8780:   0000000000000011 00000006c295bc78
0x000070000b6d8790:   000070000b6d8780 0000000199d81851
0x000070000b6d87a0:   000070000b6d87e0 0000000199d82c98
0x000070000b6d87b0:   0000000000000000 0000000199d81868
0x000070000b6d87c0:   000070000b6d8770 000070000b6d87e0
0x000070000b6d87d0:   000070000b6d8828 0000000111e332bd
0x000070000b6d87e0:   00000006c295bc78 000070000b6d87e8
0x000070000b6d87f0:   0000000199d817a1 000070000b6d8838
0x000070000b6d8800:   0000000199d82c98 0000000000000000
0x000070000b6d8810:   0000000199d817b0 000070000b6d87e0
0x000070000b6d8820:   000070000b6d8840 000070000b6d8948
0x000070000b6d8830:   00000001121c17d4 00000006c295bc78
0x000070000b6d8840:   00000000001db899 0000000000000000
0x000070000b6d8850:   000000076fa188b0 000000076fa188a0
0x000070000b6d8860:   0000000000000000 0000000000000000
0x000070000b6d8870:   000000076fdaaf58 000000076fa188d0 

Instructions: (pc=0x000000019aa85bdc)
0x000000019aa85bbc:   fe ff 4c 8b 75 c0 4c 8d 7d c8 66 2e 0f 1f 84 00
0x000000019aa85bcc:   00 00 00 00 4d 39 fe 74 7d 49 8b 7e 20 48 8b 07
0x000000019aa85bdc:   48 8b 40 28 48 89 de ff d0 49 8b 46 08 48 85 c0
0x000000019aa85bec:   74 12 66 90 49 89 c6 49 8b 06 48 85 c0 75 f5 eb 

Register to memory mapping:

RAX=0x6d6f635f6176614a is an unknown value
RBX=0x00007f998452e230 is an unknown value
RCX=0x0000930000009300 is an unknown value
RDX=0x00007f997ea8cfa0 is an unknown value
RSP=0x000070000b6d8680 is pointing into the stack for thread: 0x00007f9981002000
RBP=0x000070000b6d86d0 is pointing into the stack for thread: 0x00007f9981002000
RSI=0x0000930000000000 is an unknown value
RDI=0x00007f997eacb120 is an unknown value
R8 =0x00007f997ea8cf98 is an unknown value
R9 =0x0000000000000000 is an unknown value
R10=0x0000000000000000 is an unknown value
R11=0xffffffff00000000 is an unknown value
R12=0x00007f9980381520 is an unknown value
R13=0x00007f9980381000 is an unknown value
R14=0x00007f997eaa4280 is an unknown value
R15=0x000070000b6d8698 is pointing into the stack for thread: 0x00007f9981002000


Stack: [0x000070000b5d9000,0x000070000b6d9000],  sp=0x000070000b6d8680,  free space=1021k
Native frames: (J=compiled Java code, j=interpreted, Vv=VM code, C=native code)
C  [libLeap.dylib+0x27bdc]  Leap::InteractionBox::toCString() const+0x2f8c
C  [libLeap.dylib+0xcf4f]  Leap::Controller::~Controller()+0x3f
j  com.leapmotion.leap.LeapJNI.delete_Controller(J)V+0
j  com.leapmotion.leap.Controller.delete()V+25
j  com.leapmotion.leap.Controller.finalize()V+1
J 928 C1 java.lang.ref.Finalizer.runFinalizer(Lsun/misc/JavaLangAccess;)V (62 bytes) @ 0x00000001121c17d4 [0x00000001121c1240+0x594]
J 927 C1 java.lang.ref.Finalizer.access$100(Ljava/lang/ref/Finalizer;Lsun/misc/JavaLangAccess;)V (6 bytes) @ 0x00000001121b005c [0x00000001121b0000+0x5c]
j  java.lang.ref.Finalizer$FinalizerThread.run()V+45
v  ~StubRoutines::call_stub
V  [libjvm.dylib+0x2edbd2]  JavaCalls::call_helper(JavaValue*, methodHandle*, JavaCallArguments*, Thread*)+0x6ae
V  [libjvm.dylib+0x2ee360]  JavaCalls::call_virtual(JavaValue*, KlassHandle, Symbol*, Symbol*, JavaCallArguments*, Thread*)+0x164
V  [libjvm.dylib+0x2ee50c]  JavaCalls::call_virtual(JavaValue*, Handle, KlassHandle, Symbol*, Symbol*, Thread*)+0x4a
V  [libjvm.dylib+0x348c59]  thread_entry(JavaThread*, Thread*)+0x7c
V  [libjvm.dylib+0x56b033]  JavaThread::thread_main_inner()+0x9b
V  [libjvm.dylib+0x56c720]  JavaThread::run()+0x1c2
V  [libjvm.dylib+0x48a7ae]  java_start(Thread*)+0xf6
C  [libsystem_pthread.dylib+0x39af]  _pthread_body+0xb4
C  [libsystem_pthread.dylib+0x38fb]  _pthread_body+0x0
C  [libsystem_pthread.dylib+0x3101]  thread_start+0xd
C  0x0000000000000000

Java frames: (J=compiled Java code, j=interpreted, Vv=VM code)
j  com.leapmotion.leap.LeapJNI.delete_Controller(J)V+0
j  com.leapmotion.leap.Controller.delete()V+25
j  com.leapmotion.leap.Controller.finalize()V+1
J 928 C1 java.lang.ref.Finalizer.runFinalizer(Lsun/misc/JavaLangAccess;)V (62 bytes) @ 0x00000001121c17d4 [0x00000001121c1240+0x594]
J 927 C1 java.lang.ref.Finalizer.access$100(Ljava/lang/ref/Finalizer;Lsun/misc/JavaLangAccess;)V (6 bytes) @ 0x00000001121b005c [0x00000001121b0000+0x5c]
j  java.lang.ref.Finalizer$FinalizerThread.run()V+45
v  ~StubRoutines::call_stub

---------------  P R O C E S S  ---------------

Java Threads: ( => current thread )
  0x00007f99804b1000 JavaThread "Thread-2" [_thread_blocked, id=91395, stack(0x000070000cdb9000,0x000070000ceb9000)]
  0x00007f99808c2800 JavaThread "Thread-1" [_thread_blocked, id=87811, stack(0x000070000c715000,0x000070000c815000)]
  0x00007f997daba000 JavaThread "JavaCPP Deallocator" daemon [_thread_blocked, id=87467, stack(0x000070000c612000,0x000070000c712000)]
  0x00007f997f18a800 JavaThread "AWT-EventQueue-0" [_thread_blocked, id=78355, stack(0x000070000c50f000,0x000070000c60f000)]
  0x00007f9981059000 JavaThread "Java2D Disposer" daemon [_thread_blocked, id=64787, stack(0x000070000c389000,0x000070000c489000)]
  0x00007f997d8e4800 JavaThread "Java2D Queue Flusher" daemon [_thread_blocked, id=64007, stack(0x000070000c286000,0x000070000c386000)]
  0x00007f997d819800 JavaThread "AWT-Shutdown" [_thread_blocked, id=33567, stack(0x000070000bf77000,0x000070000c077000)]
  0x00007f997e08d000 JavaThread "AppKit Thread" daemon [_thread_in_native, id=775, stack(0x00007fff5188f000,0x00007fff5208f000)]
  0x00007f997f0b6800 JavaThread "Monitor Ctrl-Break" daemon [_thread_in_native, id=22275, stack(0x000070000bdf1000,0x000070000bef1000)]
  0x00007f997d809800 JavaThread "Service Thread" daemon [_thread_blocked, id=21251, stack(0x000070000bbeb000,0x000070000bceb000)]
  0x00007f997f064800 JavaThread "C1 CompilerThread3" daemon [_thread_blocked, id=20739, stack(0x000070000bae8000,0x000070000bbe8000)]
  0x00007f9980801800 JavaThread "C2 CompilerThread2" daemon [_thread_blocked, id=20227, stack(0x000070000b9e5000,0x000070000bae5000)]
  0x00007f997f063800 JavaThread "C2 CompilerThread1" daemon [_thread_blocked, id=19715, stack(0x000070000b8e2000,0x000070000b9e2000)]
  0x00007f997f046800 JavaThread "C2 CompilerThread0" daemon [_thread_blocked, id=19203, stack(0x000070000b7df000,0x000070000b8df000)]
  0x00007f9981002800 JavaThread "Signal Dispatcher" daemon [_thread_blocked, id=18691, stack(0x000070000b6dc000,0x000070000b7dc000)]
=>0x00007f9981002000 JavaThread "Finalizer" daemon [_thread_in_native, id=14595, stack(0x000070000b5d9000,0x000070000b6d9000)]
  0x00007f997f805000 JavaThread "Reference Handler" daemon [_thread_blocked, id=14083, stack(0x000070000b4d6000,0x000070000b5d6000)]
  0x00007f997f801800 JavaThread "main" [_thread_in_native, id=7171, stack(0x000070000aab8000,0x000070000abb8000)]

Other Threads:
  0x00007f997d805800 VMThread [stack: 0x000070000b3d3000,0x000070000b4d3000] [id=13571]
  0x00007f997e002000 WatcherThread [stack: 0x000070000bcee000,0x000070000bdee000] [id=21763]

VM state:not at safepoint (normal execution)

VM Mutex/Monitor currently owned by a thread: None

Heap:
 PSYoungGen      total 76288K, used 11434K [0x000000076ab00000, 0x0000000770000000, 0x00000007c0000000)
  eden space 65536K, 1% used [0x000000076ab00000,0x000000076abac268,0x000000076eb00000)
  from space 10752K, 99% used [0x000000076f580000,0x000000076fffe6e0,0x0000000770000000)
  to   space 10752K, 0% used [0x000000076eb00000,0x000000076eb00000,0x000000076f580000)
 ParOldGen       total 175104K, used 42385K [0x00000006c0000000, 0x00000006cab00000, 0x000000076ab00000)
  object space 175104K, 24% used [0x00000006c0000000,0x00000006c29646d0,0x00000006cab00000)
 Metaspace       used 14998K, capacity 15196K, committed 15488K, reserved 1062912K
  class space    used 1700K, capacity 1795K, committed 1920K, reserved 1048576K

Card table byte_map: [0x0000000110162000,0x0000000110963000] byte_map_base: 0x000000010cb62000

Marking Bits: (ParMarkBitMap*) 0x000000010f6f0d30
 Begin Bits: [0x0000000120e2b000, 0x0000000124e2b000)
 End Bits:   [0x0000000124e2b000, 0x0000000128e2b000)

Polling page: 0x000000010dcfe000

CodeCache: size=245760Kb used=4561Kb max_used=4561Kb free=241198Kb
 bounds [0x0000000111e2b000, 0x00000001122ab000, 0x0000000120e2b000]
 total_blobs=1930 nmethods=1286 adapters=557
 compilation: enabled

Compilation events (10 events):
Event: 8.683 Thread 0x00007f997f064800 1283       3       java.security.AccessControlContext::calculateFields (89 bytes)
Event: 8.683 Thread 0x00007f997f064800 nmethod 1283 0x000000011229c710 code [0x000000011229c8a0, 0x000000011229cc58]
Event: 8.740 Thread 0x00007f997f064800 1284       3       java.util.IdentityHashMap::clear (39 bytes)
Event: 8.740 Thread 0x00007f997f064800 nmethod 1284 0x000000011229ff90 code [0x00000001122a0100, 0x00000001122a0450]
Event: 8.809 Thread 0x00007f997f064800 1285       3       javax.swing.JComponent::getObscuredState (220 bytes)
Event: 8.810 Thread 0x00007f9980801800 1286       4       java.lang.Math::min (45 bytes)
Event: 8.810 Thread 0x00007f9980801800 nmethod 1286 0x00000001122a0d90 code [0x00000001122a0f00, 0x00000001122a0ff8]
Event: 8.810 Thread 0x00007f997f064800 nmethod 1285 0x00000001122a1090 code [0x00000001122a12c0, 0x00000001122a23f8]
Event: 8.810 Thread 0x00007f997f064800 1287       3       sun.java2d.pipe.DrawImage::copyImage (105 bytes)
Event: 8.811 Thread 0x00007f997f064800 nmethod 1287 0x00000001122a2a10 code [0x00000001122a2be0, 0x00000001122a33f8]

GC Heap History (8 events):
Event: 2.193 GC heap before
{Heap before GC invocations=1 (full 0):
 PSYoungGen      total 76288K, used 65536K [0x000000076ab00000, 0x0000000770000000, 0x00000007c0000000)
  eden space 65536K, 100% used [0x000000076ab00000,0x000000076eb00000,0x000000076eb00000)
  from space 10752K, 0% used [0x000000076f580000,0x000000076f580000,0x0000000770000000)
  to   space 10752K, 0% used [0x000000076eb00000,0x000000076eb00000,0x000000076f580000)
 ParOldGen       total 175104K, used 0K [0x00000006c0000000, 0x00000006cab00000, 0x000000076ab00000)
  object space 175104K, 0% used [0x00000006c0000000,0x00000006c0000000,0x00000006cab00000)
 Metaspace       used 9662K, capacity 9864K, committed 9984K, reserved 1058816K
  class space    used 1158K, capacity 1217K, committed 1280K, reserved 1048576K
Event: 2.200 GC heap after
Heap after GC invocations=1 (full 0):
 PSYoungGen      total 76288K, used 10487K [0x000000076ab00000, 0x0000000770000000, 0x00000007c0000000)
  eden space 65536K, 0% used [0x000000076ab00000,0x000000076ab00000,0x000000076eb00000)
  from space 10752K, 97% used [0x000000076eb00000,0x000000076f53de30,0x000000076f580000)
  to   space 10752K, 0% used [0x000000076f580000,0x000000076f580000,0x0000000770000000)
 ParOldGen       total 175104K, used 13564K [0x00000006c0000000, 0x00000006cab00000, 0x000000076ab00000)
  object space 175104K, 7% used [0x00000006c0000000,0x00000006c0d3f130,0x00000006cab00000)
 Metaspace       used 9662K, capacity 9864K, committed 9984K, reserved 1058816K
  class space    used 1158K, capacity 1217K, committed 1280K, reserved 1048576K
}
Event: 3.844 GC heap before
{Heap before GC invocations=2 (full 0):
 PSYoungGen      total 76288K, used 76023K [0x000000076ab00000, 0x0000000770000000, 0x00000007c0000000)
  eden space 65536K, 100% used [0x000000076ab00000,0x000000076eb00000,0x000000076eb00000)
  from space 10752K, 97% used [0x000000076eb00000,0x000000076f53de30,0x000000076f580000)
  to   space 10752K, 0% used [0x000000076f580000,0x000000076f580000,0x0000000770000000)
 ParOldGen       total 175104K, used 13564K [0x00000006c0000000, 0x00000006cab00000, 0x000000076ab00000)
  object space 175104K, 7% used [0x00000006c0000000,0x00000006c0d3f130,0x00000006cab00000)
 Metaspace       used 14718K, capacity 14894K, committed 15104K, reserved 1062912K
  class space    used 1693K, capacity 1762K, committed 1792K, reserved 1048576K
Event: 3.851 GC heap after
Heap after GC invocations=2 (full 0):
 PSYoungGen      total 76288K, used 10744K [0x000000076ab00000, 0x0000000770000000, 0x00000007c0000000)
  eden space 65536K, 0% used [0x000000076ab00000,0x000000076ab00000,0x000000076eb00000)
  from space 10752K, 99% used [0x000000076f580000,0x000000076fffe1c0,0x0000000770000000)
  to   space 10752K, 0% used [0x000000076eb00000,0x000000076eb00000,0x000000076f580000)
 ParOldGen       total 175104K, used 19082K [0x00000006c0000000, 0x00000006cab00000, 0x000000076ab00000)
  object space 175104K, 10% used [0x00000006c0000000,0x00000006c12a2988,0x00000006cab00000)
 Metaspace       used 14718K, capacity 14894K, committed 15104K, reserved 1062912K
  class space    used 1693K, capacity 1762K, committed 1792K, reserved 1048576K
}
Event: 5.977 GC heap before
{Heap before GC invocations=3 (full 0):
 PSYoungGen      total 76288K, used 76280K [0x000000076ab00000, 0x0000000770000000, 0x00000007c0000000)
  eden space 65536K, 100% used [0x000000076ab00000,0x000000076eb00000,0x000000076eb00000)
  from space 10752K, 99% used [0x000000076f580000,0x000000076fffe1c0,0x0000000770000000)
  to   space 10752K, 0% used [0x000000076eb00000,0x000000076eb00000,0x000000076f580000)
 ParOldGen       total 175104K, used 19082K [0x00000006c0000000, 0x00000006cab00000, 0x000000076ab00000)
  object space 175104K, 10% used [0x00000006c0000000,0x00000006c12a2988,0x00000006cab00000)
 Metaspace       used 14766K, capacity 14996K, committed 15232K, reserved 1062912K
  class space    used 1697K, capacity 1795K, committed 1920K, reserved 1048576K
Event: 5.983 GC heap after
Heap after GC invocations=3 (full 0):
 PSYoungGen      total 76288K, used 10736K [0x000000076ab00000, 0x0000000770000000, 0x00000007c0000000)
  eden space 65536K, 0% used [0x000000076ab00000,0x000000076ab00000,0x000000076eb00000)
  from space 10752K, 99% used [0x000000076eb00000,0x000000076f57c2b0,0x000000076f580000)
  to   space 10752K, 0% used [0x000000076f580000,0x000000076f580000,0x0000000770000000)
 ParOldGen       total 175104K, used 28008K [0x00000006c0000000, 0x00000006cab00000, 0x000000076ab00000)
  object space 175104K, 15% used [0x00000006c0000000,0x00000006c1b5a268,0x00000006cab00000)
 Metaspace       used 14766K, capacity 14996K, committed 15232K, reserved 1062912K
  class space    used 1697K, capacity 1795K, committed 1920K, reserved 1048576K
}
Event: 8.818 GC heap before
{Heap before GC invocations=4 (full 0):
 PSYoungGen      total 76288K, used 76272K [0x000000076ab00000, 0x0000000770000000, 0x00000007c0000000)
  eden space 65536K, 100% used [0x000000076ab00000,0x000000076eb00000,0x000000076eb00000)
  from space 10752K, 99% used [0x000000076eb00000,0x000000076f57c2b0,0x000000076f580000)
  to   space 10752K, 0% used [0x000000076f580000,0x000000076f580000,0x0000000770000000)
 ParOldGen       total 175104K, used 28008K [0x00000006c0000000, 0x00000006cab00000, 0x000000076ab00000)
  object space 175104K, 15% used [0x00000006c0000000,0x00000006c1b5a268,0x00000006cab00000)
 Metaspace       used 14998K, capacity 15196K, committed 15488K, reserved 1062912K
  class space    used 1700K, capacity 1795K, committed 1920K, reserved 1048576K
Event: 8.827 GC heap after
Heap after GC invocations=4 (full 0):
 PSYoungGen      total 76288K, used 10745K [0x000000076ab00000, 0x0000000770000000, 0x00000007c0000000)
  eden space 65536K, 0% used [0x000000076ab00000,0x000000076ab00000,0x000000076eb00000)
  from space 10752K, 99% used [0x000000076f580000,0x000000076fffe6e0,0x0000000770000000)
  to   space 10752K, 0% used [0x000000076eb00000,0x000000076eb00000,0x000000076f580000)
 ParOldGen       total 175104K, used 42385K [0x00000006c0000000, 0x00000006cab00000, 0x000000076ab00000)
  object space 175104K, 24% used [0x00000006c0000000,0x00000006c29646d0,0x00000006cab00000)
 Metaspace       used 14998K, capacity 15196K, committed 15488K, reserved 1062912K
  class space    used 1700K, capacity 1795K, committed 1920K, reserved 1048576K
}

Deoptimization events (10 events):
Event: 3.753 Thread 0x00007f997f801800 Uncommon trap: reason=unstable_if action=reinterpret pc=0x000000011204d15c method=java.awt.image.ComponentColorModel.extractComponent(Ljava/lang/Object;II)I @ 4
Event: 3.754 Thread 0x00007f997f801800 Uncommon trap: reason=unstable_if action=reinterpret pc=0x0000000112048a00 method=java.awt.image.ComponentColorModel.getAlpha(Ljava/lang/Object;)I @ 4
Event: 3.754 Thread 0x00007f997f801800 Uncommon trap: reason=unstable_if action=reinterpret pc=0x000000011205ae58 method=java.awt.image.ReplicateScaleFilter.setPixels(IIIILjava/awt/image/ColorModel;[III)V @ 4
Event: 3.757 Thread 0x00007f997f801800 Uncommon trap: reason=unstable_if action=reinterpret pc=0x000000011204e7f8 method=java.awt.image.ComponentColorModel.getRGB(Ljava/lang/Object;)I @ 15
Event: 3.757 Thread 0x00007f997f801800 Uncommon trap: reason=unstable_if action=reinterpret pc=0x000000011205cbf4 method=java.awt.image.ComponentColorModel.getRGB(Ljava/lang/Object;)I @ 15
Event: 3.869 Thread 0x00007f997f801800 Uncommon trap: reason=unstable_if action=reinterpret pc=0x00000001121b90d0 method=sun.awt.image.OffScreenImageSource.sendPixels()V @ 663
Event: 5.738 Thread 0x00007f99804b1000 Uncommon trap: reason=unstable_if action=reinterpret pc=0x00000001121c9f44 method=org.bytedeco.javacv.Java2DFrameConverter.flipCopyWithGamma(Ljava/nio/ByteBuffer;ILjava/nio/ByteBuffer;IZDZI)V @ 50
Event: 5.877 Thread 0x00007f997f801800 Uncommon trap: reason=unstable_if action=reinterpret pc=0x0000000112033810 method=sun.awt.image.ByteInterleavedRaster.putByteData(IIII[B)V @ 395
Event: 5.918 Thread 0x00007f997f801800 Uncommon trap: reason=unstable_if action=reinterpret pc=0x00000001121c427c method=sun.awt.image.OffScreenImageSource.sendPixels()V @ 663
Event: 7.439 Thread 0x00007f997f18a800 Uncommon trap: reason=unstable_if action=reinterpret pc=0x00000001122623cc method=java.lang.StrictMath.floorOrCeil(DDDD)D @ 115

Internal exceptions (10 events):
Event: 0.472 Thread 0x00007f997f801800 Exception <a 'java/security/PrivilegedActionException'> (0x000000076adbff10) thrown at [/Users/java_re/workspace/8-2-build-macosx-x86_64/jdk8u112/7935/hotspot/src/share/vm/prims/jvm.cpp, line 1390]
Event: 0.472 Thread 0x00007f997f801800 Exception <a 'java/security/PrivilegedActionException'> (0x000000076adc3400) thrown at [/Users/java_re/workspace/8-2-build-macosx-x86_64/jdk8u112/7935/hotspot/src/share/vm/prims/jvm.cpp, line 1390]
Event: 0.472 Thread 0x00007f997f801800 Exception <a 'java/security/PrivilegedActionException'> (0x000000076adc3610) thrown at [/Users/java_re/workspace/8-2-build-macosx-x86_64/jdk8u112/7935/hotspot/src/share/vm/prims/jvm.cpp, line 1390]
Event: 0.583 Thread 0x00007f997f801800 Exception <a 'java/lang/NoSuchFieldError': method resolution failed> (0x000000076aea22a0) thrown at [/Users/java_re/workspace/8-2-build-macosx-x86_64/jdk8u112/7935/hotspot/src/share/vm/prims/methodHandles.cpp, line 1146]
Event: 0.592 Thread 0x00007f997f801800 Exception <a 'java/lang/NoSuchFieldError': method resolution failed> (0x000000076aeafa70) thrown at [/Users/java_re/workspace/8-2-build-macosx-x86_64/jdk8u112/7935/hotspot/src/share/vm/prims/methodHandles.cpp, line 1146]
Event: 0.908 Thread 0x00007f997f801800 Exception <a 'java/io/FileNotFoundException'> (0x000000076b1b9ec8) thrown at [/Users/java_re/workspace/8-2-build-macosx-x86_64/jdk8u112/7935/hotspot/src/share/vm/prims/jni.cpp, line 709]
Event: 0.908 Thread 0x00007f997f801800 Exception <a 'java/io/FileNotFoundException'> (0x000000076b1baa18) thrown at [/Users/java_re/workspace/8-2-build-macosx-x86_64/jdk8u112/7935/hotspot/src/share/vm/prims/jni.cpp, line 709]
Event: 2.200 Thread 0x00007f9981002000 Exception <a 'java/lang/NullPointerException'> (0x000000076ac34008) thrown at [/Users/java_re/workspace/8-2-build-macosx-x86_64/jdk8u112/7935/hotspot/src/share/vm/interpreter/linkResolver.cpp, line 1178]
Event: 3.708 Thread 0x00007f997f801800 Implicit null exception at 0x0000000112041274 to 0x0000000112041529
Event: 3.754 Thread 0x00007f997f801800 Implicit null exception at 0x000000011205a6ac to 0x000000011205ae46

Events (10 events):
Event: 8.818 Thread 0x00007f997f4d9000 Thread added: 0x00007f997f4d9000
Event: 8.818 Executing VM operation: ParallelGCFailedAllocation
Event: 8.827 Executing VM operation: ParallelGCFailedAllocation done
Event: 8.827 Executing VM operation: RevokeBias
Event: 8.827 Executing VM operation: RevokeBias done
Event: 8.827 Executing VM operation: RevokeBias
Event: 8.827 Thread 0x00007f997f4d9000 Thread exited: 0x00007f997f4d9000
Event: 8.828 Executing VM operation: RevokeBias done
Event: 8.828 Executing VM operation: RevokeBias
Event: 8.828 Executing VM operation: RevokeBias done


Dynamic libraries:
0x0000000052bb4000 	/System/Library/Frameworks/Cocoa.framework/Versions/A/Cocoa
0x0000000052bb4000 	/System/Library/Frameworks/Security.framework/Versions/A/Security
0x0000000052bb4000 	/System/Library/Frameworks/ApplicationServices.framework/Versions/A/ApplicationServices
0x0000000052bb4000 	/usr/lib/libz.1.dylib
0x0000000052bb4000 	/usr/lib/libSystem.B.dylib
0x0000000052bb4000 	/usr/lib/libobjc.A.dylib
0x0000000052bb4000 	/System/Library/Frameworks/CoreFoundation.framework/Versions/A/CoreFoundation
0x0000000052bb4000 	/System/Library/Frameworks/Foundation.framework/Versions/C/Foundation
0x0000000052bb4000 	/System/Library/Frameworks/AppKit.framework/Versions/C/AppKit
0x0000000052bb4000 	/System/Library/Frameworks/CoreData.framework/Versions/A/CoreData
0x0000000052bb4000 	/System/Library/PrivateFrameworks/RemoteViewServices.framework/Versions/A/RemoteViewServices
0x0000000052bb4000 	/System/Library/PrivateFrameworks/UIFoundation.framework/Versions/A/UIFoundation
0x0000000052bb4000 	/System/Library/PrivateFrameworks/DFRFoundation.framework/Versions/A/DFRFoundation
0x0000000052bb4000 	/usr/lib/libenergytrace.dylib
0x0000000052bb4000 	/System/Library/PrivateFrameworks/SkyLight.framework/Versions/A/SkyLight
0x0000000052bb4000 	/System/Library/Frameworks/CoreGraphics.framework/Versions/A/CoreGraphics
0x0000000052bb4000 	/usr/lib/libScreenReader.dylib
0x0000000052bb4000 	/System/Library/Frameworks/Accelerate.framework/Versions/A/Accelerate
0x0000000052bb4000 	/System/Library/Frameworks/IOSurface.framework/Versions/A/IOSurface
0x0000000052bb4000 	/System/Library/Frameworks/AudioToolbox.framework/Versions/A/AudioToolbox
0x0000000052bb4000 	/System/Library/Frameworks/AudioUnit.framework/Versions/A/AudioUnit
0x0000000052bb4000 	/System/Library/PrivateFrameworks/DataDetectorsCore.framework/Versions/A/DataDetectorsCore
0x0000000052bb4000 	/System/Library/PrivateFrameworks/DesktopServicesPriv.framework/Versions/A/DesktopServicesPriv
0x0000000052bb4000 	/System/Library/Frameworks/Carbon.framework/Versions/A/Frameworks/HIToolbox.framework/Versions/A/HIToolbox
0x0000000052bb4000 	/usr/lib/libicucore.A.dylib
0x0000000052bb4000 	/System/Library/Frameworks/QuartzCore.framework/Versions/A/QuartzCore
0x0000000052bb4000 	/System/Library/Frameworks/Carbon.framework/Versions/A/Frameworks/SpeechRecognition.framework/Versions/A/SpeechRecognition
0x0000000052bb4000 	/usr/lib/libauto.dylib
0x0000000052bb4000 	/usr/lib/libxml2.2.dylib
0x0000000052bb4000 	/System/Library/PrivateFrameworks/CoreUI.framework/Versions/A/CoreUI
0x0000000052bb4000 	/System/Library/Frameworks/CoreAudio.framework/Versions/A/CoreAudio
0x0000000052bb4000 	/System/Library/Frameworks/DiskArbitration.framework/Versions/A/DiskArbitration
0x0000000052bb4000 	/usr/lib/liblangid.dylib
0x0000000052bb4000 	/System/Library/PrivateFrameworks/MultitouchSupport.framework/Versions/A/MultitouchSupport
0x0000000052bb4000 	/System/Library/Frameworks/IOKit.framework/Versions/A/IOKit
0x0000000052bb4000 	/usr/lib/libDiagnosticMessagesClient.dylib
0x0000000052bb4000 	/System/Library/Frameworks/CoreServices.framework/Versions/A/CoreServices
0x0000000052bb4000 	/System/Library/PrivateFrameworks/PerformanceAnalysis.framework/Versions/A/PerformanceAnalysis
0x0000000052bb4000 	/System/Library/PrivateFrameworks/GenerationalStorage.framework/Versions/A/GenerationalStorage
0x0000000052bb4000 	/System/Library/Frameworks/OpenGL.framework/Versions/A/OpenGL
0x0000000052bb4000 	/System/Library/Frameworks/CoreImage.framework/Versions/A/CoreImage
0x0000000052bb4000 	/System/Library/Frameworks/CoreText.framework/Versions/A/CoreText
0x0000000052bb4000 	/System/Library/Frameworks/ImageIO.framework/Versions/A/ImageIO
0x0000000052bb4000 	/System/Library/PrivateFrameworks/Backup.framework/Versions/A/Backup
0x0000000052bb4000 	/usr/lib/libarchive.2.dylib
0x0000000052bb4000 	/System/Library/Frameworks/CFNetwork.framework/Versions/A/CFNetwork
0x0000000052bb4000 	/System/Library/Frameworks/SystemConfiguration.framework/Versions/A/SystemConfiguration
0x0000000052bb4000 	/usr/lib/libCRFSuite.dylib
0x0000000052bb4000 	/usr/lib/libc++.1.dylib
0x0000000052bb4000 	/usr/lib/libc++abi.dylib
0x0000000052bb4000 	/usr/lib/system/libcache.dylib
0x0000000052bb4000 	/usr/lib/system/libcommonCrypto.dylib
0x0000000052bb4000 	/usr/lib/system/libcompiler_rt.dylib
0x0000000052bb4000 	/usr/lib/system/libcopyfile.dylib
0x0000000052bb4000 	/usr/lib/system/libcorecrypto.dylib
0x0000000052bb4000 	/usr/lib/system/libdispatch.dylib
0x0000000052bb4000 	/usr/lib/system/libdyld.dylib
0x0000000052bb4000 	/usr/lib/system/libkeymgr.dylib
0x0000000052bb4000 	/usr/lib/system/liblaunch.dylib
0x0000000052bb4000 	/usr/lib/system/libmacho.dylib
0x0000000052bb4000 	/usr/lib/system/libquarantine.dylib
0x0000000052bb4000 	/usr/lib/system/libremovefile.dylib
0x0000000052bb4000 	/usr/lib/system/libsystem_asl.dylib
0x0000000052bb4000 	/usr/lib/system/libsystem_blocks.dylib
0x0000000052bb4000 	/usr/lib/system/libsystem_c.dylib
0x0000000052bb4000 	/usr/lib/system/libsystem_configuration.dylib
0x0000000052bb4000 	/usr/lib/system/libsystem_coreservices.dylib
0x0000000052bb4000 	/usr/lib/system/libsystem_coretls.dylib
0x0000000052bb4000 	/usr/lib/system/libsystem_dnssd.dylib
0x0000000052bb4000 	/usr/lib/system/libsystem_info.dylib
0x0000000052bb4000 	/usr/lib/system/libsystem_kernel.dylib
0x0000000052bb4000 	/usr/lib/system/libsystem_m.dylib
0x0000000052bb4000 	/usr/lib/system/libsystem_malloc.dylib
0x0000000052bb4000 	/usr/lib/system/libsystem_network.dylib
0x0000000052bb4000 	/usr/lib/system/libsystem_networkextension.dylib
0x0000000052bb4000 	/usr/lib/system/libsystem_notify.dylib
0x0000000052bb4000 	/usr/lib/system/libsystem_platform.dylib
0x0000000052bb4000 	/usr/lib/system/libsystem_pthread.dylib
0x0000000052bb4000 	/usr/lib/system/libsystem_sandbox.dylib
0x0000000052bb4000 	/usr/lib/system/libsystem_secinit.dylib
0x0000000052bb4000 	/usr/lib/system/libsystem_symptoms.dylib
0x0000000052bb4000 	/usr/lib/system/libsystem_trace.dylib
0x0000000052bb4000 	/usr/lib/system/libunwind.dylib
0x0000000052bb4000 	/usr/lib/system/libxpc.dylib
0x0000000052bb4000 	/usr/lib/libbsm.0.dylib
0x0000000052bb4000 	/usr/lib/system/libkxld.dylib
0x0000000052bb4000 	/usr/lib/libcoretls.dylib
0x0000000052bb4000 	/usr/lib/libcoretls_cfhelpers.dylib
0x0000000052bb4000 	/usr/lib/libOpenScriptingUtil.dylib
0x0000000052bb4000 	/usr/lib/libpam.2.dylib
0x0000000052bb4000 	/usr/lib/libsqlite3.dylib
0x0000000052bb4000 	/usr/lib/libxar.1.dylib
0x0000000052bb4000 	/usr/lib/libbz2.1.0.dylib
0x0000000052bb4000 	/usr/lib/liblzma.5.dylib
0x0000000052bb4000 	/usr/lib/libnetwork.dylib
0x0000000052bb4000 	/usr/lib/libpcap.A.dylib
0x0000000052bb4000 	/System/Library/Frameworks/CoreServices.framework/Versions/A/Frameworks/FSEvents.framework/Versions/A/FSEvents
0x0000000052bb4000 	/System/Library/Frameworks/CoreServices.framework/Versions/A/Frameworks/CarbonCore.framework/Versions/A/CarbonCore
0x0000000052bb4000 	/System/Library/Frameworks/CoreServices.framework/Versions/A/Frameworks/Metadata.framework/Versions/A/Metadata
0x0000000052bb4000 	/System/Library/Frameworks/CoreServices.framework/Versions/A/Frameworks/OSServices.framework/Versions/A/OSServices
0x0000000052bb4000 	/System/Library/Frameworks/CoreServices.framework/Versions/A/Frameworks/SearchKit.framework/Versions/A/SearchKit
0x0000000052bb4000 	/System/Library/Frameworks/CoreServices.framework/Versions/A/Frameworks/AE.framework/Versions/A/AE
0x0000000052bb4000 	/System/Library/Frameworks/CoreServices.framework/Versions/A/Frameworks/LaunchServices.framework/Versions/A/LaunchServices
0x0000000052bb4000 	/System/Library/Frameworks/CoreServices.framework/Versions/A/Frameworks/DictionaryServices.framework/Versions/A/DictionaryServices
0x0000000052bb4000 	/System/Library/Frameworks/CoreServices.framework/Versions/A/Frameworks/SharedFileList.framework/Versions/A/SharedFileList
0x0000000052bb4000 	/System/Library/Frameworks/NetFS.framework/Versions/A/NetFS
0x0000000052bb4000 	/System/Library/PrivateFrameworks/NetAuth.framework/Versions/A/NetAuth
0x0000000052bb4000 	/System/Library/PrivateFrameworks/login.framework/Versions/A/Frameworks/loginsupport.framework/Versions/A/loginsupport
0x0000000052bb4000 	/System/Library/PrivateFrameworks/TCC.framework/Versions/A/TCC
0x0000000052bb4000 	/usr/lib/libmecabra.dylib
0x0000000052bb4000 	/System/Library/Frameworks/ApplicationServices.framework/Versions/A/Frameworks/ATS.framework/Versions/A/ATS
0x0000000052bb4000 	/System/Library/Frameworks/ApplicationServices.framework/Versions/A/Frameworks/ColorSync.framework/Versions/A/ColorSync
0x0000000052bb4000 	/System/Library/Frameworks/ApplicationServices.framework/Versions/A/Frameworks/HIServices.framework/Versions/A/HIServices
0x0000000052bb4000 	/System/Library/Frameworks/ApplicationServices.framework/Versions/A/Frameworks/LangAnalysis.framework/Versions/A/LangAnalysis
0x0000000052bb4000 	/System/Library/Frameworks/ApplicationServices.framework/Versions/A/Frameworks/PrintCore.framework/Versions/A/PrintCore
0x0000000052bb4000 	/System/Library/Frameworks/ApplicationServices.framework/Versions/A/Frameworks/QD.framework/Versions/A/QD
0x0000000052bb4000 	/System/Library/Frameworks/ApplicationServices.framework/Versions/A/Frameworks/SpeechSynthesis.framework/Versions/A/SpeechSynthesis
0x0000000052bb4000 	/System/Library/Frameworks/Accelerate.framework/Versions/A/Frameworks/vImage.framework/Versions/A/vImage
0x0000000052bb4000 	/System/Library/Frameworks/Accelerate.framework/Versions/A/Frameworks/vecLib.framework/Versions/A/vecLib
0x0000000052bb4000 	/System/Library/Frameworks/Accelerate.framework/Versions/A/Frameworks/vecLib.framework/Versions/A/libvDSP.dylib
0x0000000052bb4000 	/System/Library/Frameworks/Accelerate.framework/Versions/A/Frameworks/vecLib.framework/Versions/A/libBNNS.dylib
0x0000000052bb4000 	/System/Library/Frameworks/Accelerate.framework/Versions/A/Frameworks/vecLib.framework/Versions/A/libQuadrature.dylib
0x0000000052bb4000 	/System/Library/Frameworks/Accelerate.framework/Versions/A/Frameworks/vecLib.framework/Versions/A/libvMisc.dylib
0x0000000052bb4000 	/System/Library/Frameworks/Accelerate.framework/Versions/A/Frameworks/vecLib.framework/Versions/A/libLAPACK.dylib
0x0000000052bb4000 	/System/Library/Frameworks/Accelerate.framework/Versions/A/Frameworks/vecLib.framework/Versions/A/libBLAS.dylib
0x0000000052bb4000 	/System/Library/Frameworks/Accelerate.framework/Versions/A/Frameworks/vecLib.framework/Versions/A/libLinearAlgebra.dylib
0x0000000052bb4000 	/System/Library/Frameworks/Accelerate.framework/Versions/A/Frameworks/vecLib.framework/Versions/A/libSparseBLAS.dylib
0x0000000052bb4000 	/System/Library/Frameworks/ApplicationServices.framework/Versions/A/Frameworks/ATS.framework/Versions/A/Resources/libFontParser.dylib
0x0000000052bb4000 	/System/Library/Frameworks/ApplicationServices.framework/Versions/A/Frameworks/ATS.framework/Versions/A/Resources/libFontRegistry.dylib
0x0000000052bb4000 	/System/Library/Frameworks/ImageIO.framework/Versions/A/Resources/libJPEG.dylib
0x0000000052bb4000 	/System/Library/Frameworks/ImageIO.framework/Versions/A/Resources/libTIFF.dylib
0x0000000052bb4000 	/System/Library/Frameworks/ImageIO.framework/Versions/A/Resources/libPng.dylib
0x0000000052bb4000 	/System/Library/Frameworks/ImageIO.framework/Versions/A/Resources/libGIF.dylib
0x0000000052bb4000 	/System/Library/Frameworks/ImageIO.framework/Versions/A/Resources/libJP2.dylib
0x0000000052bb4000 	/System/Library/Frameworks/ImageIO.framework/Versions/A/Resources/libRadiance.dylib
0x0000000052bb4000 	/usr/lib/libcompression.dylib
0x0000000052bb4000 	/System/Library/PrivateFrameworks/AppleJPEG.framework/Versions/A/AppleJPEG
0x0000000052bb4000 	/usr/lib/libcups.2.dylib
0x0000000052bb4000 	/System/Library/Frameworks/Kerberos.framework/Versions/A/Kerberos
0x0000000052bb4000 	/System/Library/Frameworks/GSS.framework/Versions/A/GSS
0x0000000052bb4000 	/usr/lib/libresolv.9.dylib
0x0000000052bb4000 	/usr/lib/libiconv.2.dylib
0x0000000052bb4000 	/System/Library/PrivateFrameworks/Heimdal.framework/Versions/A/Heimdal
0x0000000052bb4000 	/usr/lib/libheimdal-asn1.dylib
0x0000000052bb4000 	/System/Library/Frameworks/OpenDirectory.framework/Versions/A/OpenDirectory
0x0000000052bb4000 	/System/Library/PrivateFrameworks/CommonAuth.framework/Versions/A/CommonAuth
0x0000000052bb4000 	/System/Library/Frameworks/OpenDirectory.framework/Versions/A/Frameworks/CFOpenDirectory.framework/Versions/A/CFOpenDirectory
0x0000000052bb4000 	/System/Library/Frameworks/SecurityFoundation.framework/Versions/A/SecurityFoundation
0x0000000052bb4000 	/System/Library/PrivateFrameworks/LanguageModeling.framework/Versions/A/LanguageModeling
0x0000000052bb4000 	/usr/lib/libmarisa.dylib
0x0000000052bb4000 	/usr/lib/libChineseTokenizer.dylib
0x0000000052bb4000 	/usr/lib/libcmph.dylib
0x0000000052bb4000 	/System/Library/PrivateFrameworks/CoreEmoji.framework/Versions/A/CoreEmoji
0x0000000052bb4000 	/System/Library/Frameworks/ServiceManagement.framework/Versions/A/ServiceManagement
0x0000000052bb4000 	/usr/lib/libxslt.1.dylib
0x0000000052bb4000 	/System/Library/Frameworks/Carbon.framework/Versions/A/Frameworks/Ink.framework/Versions/A/Ink
0x0000000052bb4000 	/System/Library/PrivateFrameworks/TextureIO.framework/Versions/A/TextureIO
0x0000000052bb4000 	/System/Library/Frameworks/Metal.framework/Versions/A/Metal
0x0000000052bb4000 	/usr/lib/libate.dylib
0x0000000052bb4000 	/System/Library/PrivateFrameworks/GPUCompiler.framework/libmetal_timestamp.dylib
0x0000000052bb4000 	/System/Library/Frameworks/OpenGL.framework/Versions/A/Libraries/libCoreFSCache.dylib
0x0000000052bb4000 	/System/Library/PrivateFrameworks/IOAccelerator.framework/Versions/A/IOAccelerator
0x0000000052bb4000 	/System/Library/Frameworks/CoreVideo.framework/Versions/A/CoreVideo
0x0000000052bb4000 	/usr/lib/libFosl_dynamic.dylib
0x0000000052bb4000 	/System/Library/PrivateFrameworks/MetalPerformanceShaders.framework/Versions/A/MetalPerformanceShaders
0x0000000052bb4000 	/System/Library/PrivateFrameworks/FaceCore.framework/Versions/A/FaceCore
0x0000000052bb4000 	/System/Library/Frameworks/OpenCL.framework/Versions/A/OpenCL
0x0000000052bb4000 	/System/Library/Frameworks/OpenGL.framework/Versions/A/Libraries/libGLU.dylib
0x0000000052bb4000 	/System/Library/Frameworks/OpenGL.framework/Versions/A/Libraries/libGFXShared.dylib
0x0000000052bb4000 	/System/Library/Frameworks/OpenGL.framework/Versions/A/Libraries/libGL.dylib
0x0000000052bb4000 	/System/Library/Frameworks/OpenGL.framework/Versions/A/Libraries/libGLImage.dylib
0x0000000052bb4000 	/System/Library/Frameworks/OpenGL.framework/Versions/A/Libraries/libCVMSPluginSupport.dylib
0x0000000052bb4000 	/System/Library/Frameworks/OpenGL.framework/Versions/A/Libraries/libCoreVMClient.dylib
0x0000000052bb4000 	/System/Library/PrivateFrameworks/CrashReporterSupport.framework/Versions/A/CrashReporterSupport
0x0000000052bb4000 	/System/Library/PrivateFrameworks/Sharing.framework/Versions/A/Sharing
0x0000000052bb4000 	/System/Library/PrivateFrameworks/IconServices.framework/Versions/A/IconServices
0x0000000052bb4000 	/System/Library/PrivateFrameworks/ProtocolBuffer.framework/Versions/A/ProtocolBuffer
0x0000000052bb4000 	/System/Library/PrivateFrameworks/Apple80211.framework/Versions/A/Apple80211
0x0000000052bb4000 	/System/Library/Frameworks/CoreWLAN.framework/Versions/A/CoreWLAN
0x0000000052bb4000 	/System/Library/PrivateFrameworks/CoreUtils.framework/Versions/A/CoreUtils
0x0000000052bb4000 	/System/Library/Frameworks/IOBluetooth.framework/Versions/A/IOBluetooth
0x0000000052bb4000 	/System/Library/PrivateFrameworks/CoreWiFi.framework/Versions/A/CoreWiFi
0x0000000052bb4000 	/System/Library/Frameworks/CoreBluetooth.framework/Versions/A/CoreBluetooth
0x0000000052bb4000 	/System/Library/Frameworks/CoreDisplay.framework/Versions/A/CoreDisplay
0x0000000052bb4000 	/System/Library/PrivateFrameworks/IOPresentment.framework/Versions/A/IOPresentment
0x0000000052bb4000 	/System/Library/PrivateFrameworks/DSExternalDisplay.framework/Versions/A/DSExternalDisplay
0x0000000052bb4000 	/System/Library/PrivateFrameworks/DebugSymbols.framework/Versions/A/DebugSymbols
0x0000000052bb4000 	/System/Library/PrivateFrameworks/CoreSymbolication.framework/Versions/A/CoreSymbolication
0x0000000052bb4000 	/System/Library/PrivateFrameworks/Symbolication.framework/Versions/A/Symbolication
0x0000000052bb4000 	/System/Library/PrivateFrameworks/AppleFSCompression.framework/Versions/A/AppleFSCompression
0x0000000052bb4000 	/System/Library/PrivateFrameworks/SpeechRecognitionCore.framework/Versions/A/SpeechRecognitionCore
0x0000000052bb4000 	/System/Library/PrivateFrameworks/ChunkingLibrary.framework/Versions/A/ChunkingLibrary
0x000000010dbbe000 	/System/Library/CoreServices/Encodings/libSimplifiedChineseConverter.dylib
0x000000010ee00000 	/Library/Java/JavaVirtualMachines/jdk1.8.0_112.jdk/Contents/Home/jre/lib/server/libjvm.dylib
0x000000010dc02000 	/usr/lib/libstdc++.6.dylib
0x000000010dcbb000 	/Library/Java/JavaVirtualMachines/jdk1.8.0_112.jdk/Contents/Home/jre/lib/libverify.dylib
0x000000010dcc9000 	/Library/Java/JavaVirtualMachines/jdk1.8.0_112.jdk/Contents/Home/jre/lib/libjava.dylib
0x000000010dd08000 	/Library/Java/JavaVirtualMachines/jdk1.8.0_112.jdk/Contents/Home/jre/lib/libzip.dylib
0x000000010dde5000 	/System/Library/Frameworks/JavaVM.framework/Frameworks/JavaRuntimeSupport.framework/JavaRuntimeSupport
0x0000000111d84000 	/System/Library/Frameworks/JavaVM.framework/Versions/A/Frameworks/JavaNativeFoundation.framework/Versions/A/JavaNativeFoundation
0x000000012ae2b000 	/System/Library/Frameworks/JavaVM.framework/Versions/A/JavaVM
0x0000000052bb4000 	/System/Library/Frameworks/Carbon.framework/Versions/A/Carbon
0x000000012ae38000 	/System/Library/PrivateFrameworks/JavaLaunching.framework/Versions/A/JavaLaunching
0x0000000052bb4000 	/System/Library/Frameworks/Carbon.framework/Versions/A/Frameworks/CommonPanels.framework/Versions/A/CommonPanels
0x0000000052bb4000 	/System/Library/Frameworks/Carbon.framework/Versions/A/Frameworks/Help.framework/Versions/A/Help
0x0000000052bb4000 	/System/Library/Frameworks/Carbon.framework/Versions/A/Frameworks/ImageCapture.framework/Versions/A/ImageCapture
0x0000000052bb4000 	/System/Library/Frameworks/Carbon.framework/Versions/A/Frameworks/OpenScripting.framework/Versions/A/OpenScripting
0x0000000052bb4000 	/System/Library/Frameworks/Carbon.framework/Versions/A/Frameworks/Print.framework/Versions/A/Print
0x0000000052bb4000 	/System/Library/Frameworks/Carbon.framework/Versions/A/Frameworks/SecurityHI.framework/Versions/A/SecurityHI
0x000000012c87c000 	/Users/ylx/Library/Application Support/JetBrains/Toolbox/apps/IDEA-U/ch-0/163.12024.16/IntelliJ IDEA.app/Contents/bin/libbreakgen64.jnilib
0x000000012c87f000 	/Library/Java/JavaVirtualMachines/jdk1.8.0_112.jdk/Contents/Home/jre/lib/libnet.dylib
0x000000012c8e3000 	/Library/Java/JavaVirtualMachines/jdk1.8.0_112.jdk/Contents/Home/jre/lib/libawt.dylib
0x000000012c98b000 	/Library/Java/JavaVirtualMachines/jdk1.8.0_112.jdk/Contents/Home/jre/lib/./libmlib_image.dylib
0x000000012ca57000 	/Library/Java/JavaVirtualMachines/jdk1.8.0_112.jdk/Contents/Home/jre/lib/libawt_lwawt.dylib
0x000000012cb0e000 	/Library/Java/JavaVirtualMachines/jdk1.8.0_112.jdk/Contents/Home/jre/lib/./libosxapp.dylib
0x0000000052bb4000 	/System/Library/Frameworks/ExceptionHandling.framework/Versions/A/ExceptionHandling
0x0000000052bb4000 	/System/Library/PrivateFrameworks/CoreServicesInternal.framework/Versions/A/CoreServicesInternal
0x0000000052bb4000 	/System/Library/CoreServices/RawCamera.bundle/Contents/MacOS/RawCamera
0x000000012daa5000 	/System/Library/Frameworks/Accelerate.framework/Frameworks/vImage.framework/Versions/A/Libraries/libCGInterfaces.dylib
0x0000000052bb4000 	/System/Library/Frameworks/ApplicationServices.framework/Versions/A/Frameworks/ATS.framework/Versions/A/Resources/libTrueTypeScaler.dylib
0x000000012e9b0000 	/System/Library/Frameworks/OpenGL.framework/Resources/GLEngine.bundle/GLEngine
0x0000000052bb4000 	/System/Library/Frameworks/OpenGL.framework/Versions/A/Libraries/libGLProgrammability.dylib
0x000000012eb95000 	/System/Library/Extensions/AppleIntelSKLGraphicsGLDriver.bundle/Contents/MacOS/AppleIntelSKLGraphicsGLDriver
0x0000000052bb4000 	/System/Library/PrivateFrameworks/GPUSupport.framework/Versions/A/Libraries/libGPUSupportMercury.dylib
0x000000012f923000 	/System/Library/Extensions/AMDRadeonX4000GLDriver.bundle/Contents/MacOS/AMDRadeonX4000GLDriver
0x000000012fa03000 	/System/Library/Extensions/AMDRadeonX4000GLDriver.bundle/Contents/MacOS/ATIRadeonX4000SCLib.dylib
0x000000012ffe2000 	/System/Library/Frameworks/OpenGL.framework/Resources//GLRendererFloat.bundle/GLRendererFloat
0x0000000052bb4000 	/System/Library/Frameworks/OpenCL.framework/Versions/A/Libraries/libcldcpuengine.dylib
0x0000000052bb4000 	/usr/lib/libcrypto.0.9.8.dylib
0x0000000052bb4000 	/System/Library/PrivateFrameworks/TrustEvaluationAgent.framework/Versions/A/TrustEvaluationAgent
0x0000000130016000 	/System/Library/Extensions/AppleIntelSKLGraphicsMTLDriver.bundle/Contents/MacOS/AppleIntelSKLGraphicsMTLDriver
0x0000000052bb4000 	/System/Library/Extensions/AMDMTLBronzeDriver.bundle/Contents/MacOS/AMDMTLBronzeDriver
0x0000000052bb4000 	/System/Library/PrivateFrameworks/IOAccelMemoryInfo.framework/Versions/A/IOAccelMemoryInfo
0x0000000052bb4000 	/System/Library/PrivateFrameworks/FamilyControls.framework/Versions/A/FamilyControls
0x0000000052bb4000 	/System/Library/PrivateFrameworks/CommerceKit.framework/Versions/A/Frameworks/CommerceCore.framework/Versions/A/CommerceCore
0x0000000052bb4000 	/System/Library/PrivateFrameworks/SystemAdministration.framework/Versions/A/SystemAdministration
0x0000000052bb4000 	/System/Library/PrivateFrameworks/AppContainer.framework/Versions/A/AppContainer
0x0000000052bb4000 	/System/Library/PrivateFrameworks/SecCodeWrapper.framework/Versions/A/SecCodeWrapper
0x0000000052bb4000 	/System/Library/Frameworks/DirectoryService.framework/Versions/A/DirectoryService
0x0000000052bb4000 	/System/Library/PrivateFrameworks/DiskImages.framework/Versions/A/DiskImages
0x0000000052bb4000 	/System/Library/PrivateFrameworks/LoginUIKit.framework/Versions/A/Frameworks/LoginUICore.framework/Versions/A/LoginUICore
0x0000000052bb4000 	/usr/lib/libCoreStorage.dylib
0x0000000052bb4000 	/usr/lib/libcsfde.dylib
0x0000000052bb4000 	/usr/lib/libodfde.dylib
0x0000000052bb4000 	/System/Library/Frameworks/DiscRecording.framework/Versions/A/DiscRecording
0x0000000052bb4000 	/usr/lib/libcurl.4.dylib
0x0000000052bb4000 	/System/Library/PrivateFrameworks/MediaKit.framework/Versions/A/MediaKit
0x0000000052bb4000 	/System/Library/PrivateFrameworks/ProtectedCloudStorage.framework/Versions/A/ProtectedCloudStorage
0x0000000052bb4000 	/System/Library/PrivateFrameworks/EFILogin.framework/Versions/A/EFILogin
0x0000000052bb4000 	/usr/lib/libutil.dylib
0x0000000052bb4000 	/System/Library/Frameworks/LDAP.framework/Versions/A/LDAP
0x0000000052bb4000 	/usr/lib/libsasl2.2.dylib
0x0000000052bb4000 	/System/Library/PrivateFrameworks/CoreDaemon.framework/Versions/B/CoreDaemon
0x0000000052bb4000 	/System/Library/PrivateFrameworks/AppleSRP.framework/Versions/A/AppleSRP
0x0000000052bb4000 	/System/Library/PrivateFrameworks/APFS.framework/Versions/A/APFS
0x0000000052bb4000 	/System/Library/PrivateFrameworks/ViewBridge.framework/Versions/A/ViewBridge
0x0000000052bb4000 	/System/Library/PrivateFrameworks/XPCService.framework/Versions/A/XPCService
0x0000000052bb4000 	/System/Library/PrivateFrameworks/AppSandbox.framework/Versions/A/AppSandbox
0x0000000052bb4000 	/usr/lib/libsandbox.1.dylib
0x0000000052bb4000 	/usr/lib/libMatch.1.dylib
0x0000000131893000 	/Library/Java/JavaVirtualMachines/jdk1.8.0_112.jdk/Contents/Home/jre/lib/libfontmanager.dylib
0x00000001318fa000 	/Library/Java/JavaVirtualMachines/jdk1.8.0_112.jdk/Contents/Home/jre/lib/libosxui.dylib
0x0000000136922000 	/Library/Java/JavaVirtualMachines/jdk1.8.0_112.jdk/Contents/Home/jre/lib/libjpeg.dylib
0x0000000136ee0000 	/Library/Java/JavaVirtualMachines/jdk1.8.0_112.jdk/Contents/Home/jre/lib/liblcms.dylib
0x00000001372c8000 	/Library/Java/JavaVirtualMachines/jdk1.8.0_112.jdk/Contents/Home/jre/lib/libnio.dylib
0x0000000199e75000 	/Users/ylx/.javacpp/cache/opencv-macosx-x86_64.jar/org/bytedeco/javacpp/macosx-x86_64/libopencv_core.3.1.dylib
0x000000019a10c000 	/Users/ylx/.javacpp/cache/opencv-macosx-x86_64.jar/org/bytedeco/javacpp/macosx-x86_64/libopencv_imgproc.3.1.dylib
0x000000019a437000 	/Users/ylx/.javacpp/cache/opencv-macosx-x86_64.jar/org/bytedeco/javacpp/macosx-x86_64/libjniopencv_core.dylib
0x000000019aa05000 	/Library/Java/Extensions/libLeapJava.dylib
0x000000019aa5e000 	/Library/Java/Extensions/libLeap.dylib
0x000000012e78c000 	/Users/ylx/.javacpp/cache/opencv-macosx-x86_64.jar/org/bytedeco/javacpp/macosx-x86_64/libjniopencv_imgproc.dylib
0x000000019ac42000 	/Users/ylx/.javacpp/cache/opencv-macosx-x86_64.jar/org/bytedeco/javacpp/macosx-x86_64/libopencv_imgcodecs.3.1.dylib
0x000000012e8a0000 	/Users/ylx/.javacpp/cache/opencv-macosx-x86_64.jar/org/bytedeco/javacpp/macosx-x86_64/libjniopencv_imgcodecs.dylib
0x000000012e8c6000 	/Users/ylx/.javacpp/cache/opencv-macosx-x86_64.jar/org/bytedeco/javacpp/macosx-x86_64/libopencv_videoio.3.1.dylib
0x0000000052bb4000 	/System/Library/Frameworks/QTKit.framework/Versions/A/QTKit
0x0000000052bb4000 	/System/Library/Frameworks/AVFoundation.framework/Versions/A/AVFoundation
0x0000000052bb4000 	/System/Library/Frameworks/CoreMedia.framework/Versions/A/CoreMedia
0x0000000052bb4000 	/System/Library/Frameworks/MediaToolbox.framework/Versions/A/MediaToolbox
0x0000000052bb4000 	/System/Library/Frameworks/VideoToolbox.framework/Versions/A/VideoToolbox
0x0000000052bb4000 	/System/Library/PrivateFrameworks/CoreMediaAuthoring.framework/Versions/A/CoreMediaAuthoring
0x0000000052bb4000 	/System/Library/Frameworks/CoreMediaIO.framework/Versions/A/CoreMediaIO
0x0000000052bb4000 	/System/Library/Frameworks/AVFoundation.framework/Versions/A/Frameworks/AVFAudio.framework/Versions/A/AVFAudio
0x0000000052bb4000 	/System/Library/PrivateFrameworks/IntlPreferences.framework/Versions/A/IntlPreferences
0x0000000052bb4000 	/usr/lib/libspindump.dylib
0x0000000052bb4000 	/usr/lib/libdscsym.dylib
0x0000000052bb4000 	/System/Library/PrivateFrameworks/CoreAVCHD.framework/Versions/A/CoreAVCHD
0x0000000052bb4000 	/System/Library/Frameworks/MediaAccessibility.framework/Versions/A/MediaAccessibility
0x0000000052bb4000 	/System/Library/PrivateFrameworks/Mangrove.framework/Versions/A/Mangrove
0x0000000052bb4000 	/System/Library/PrivateFrameworks/CoreAUC.framework/Versions/A/CoreAUC
0x0000000052bb4000 	/System/Library/PrivateFrameworks/AppleVA.framework/Versions/A/AppleVA
0x000000012e8e7000 	/Users/ylx/.javacpp/cache/opencv-macosx-x86_64.jar/org/bytedeco/javacpp/macosx-x86_64/libjniopencv_videoio.dylib
0x000000012e8fd000 	/System/Library/Extensions/AppleHDA.kext/Contents/PlugIns/AppleHDAHALPlugIn.bundle/Contents/MacOS/AppleHDAHALPlugIn
0x000000012e907000 	/System/Library/Frameworks/CoreMediaIO.framework/Resources/VDC.plugin/Contents/MacOS/VDC
0x000000019af38000 	/System/Library/Frameworks/CoreMediaIO.framework/Resources/CMIOUnits.bundle/Contents/MacOS/CMIOUnits
0x000000019b0c5000 	/System/Library/PrivateFrameworks/FWAVC.framework/Versions/A/FWAVC
0x0000000052bb4000 	/System/Library/PrivateFrameworks/AppleGVA.framework/Versions/A/AppleGVA

VM Arguments:
jvm_args: -Didea.launcher.port=7537 -Didea.launcher.bin.path=/Users/ylx/Library/Application Support/JetBrains/Toolbox/apps/IDEA-U/ch-0/163.12024.16/IntelliJ IDEA.app/Contents/bin -Dfile.encoding=UTF-8 
java_command: com.intellij.rt.execution.application.AppMain com.ylx.setup.Main
java_class_path (initial): /Library/Java/JavaVirtualMachines/jdk1.8.0_112.jdk/Contents/Home/jre/lib/charsets.jar:/Library/Java/JavaVirtualMachines/jdk1.8.0_112.jdk/Contents/Home/jre/lib/deploy.jar:/Library/Java/JavaVirtualMachines/jdk1.8.0_112.jdk/Contents/Home/jre/lib/ext/cldrdata.jar:/Library/Java/JavaVirtualMachines/jdk1.8.0_112.jdk/Contents/Home/jre/lib/ext/dnsns.jar:/Library/Java/JavaVirtualMachines/jdk1.8.0_112.jdk/Contents/Home/jre/lib/ext/jaccess.jar:/Library/Java/JavaVirtualMachines/jdk1.8.0_112.jdk/Contents/Home/jre/lib/ext/jfxrt.jar:/Library/Java/JavaVirtualMachines/jdk1.8.0_112.jdk/Contents/Home/jre/lib/ext/localedata.jar:/Library/Java/JavaVirtualMachines/jdk1.8.0_112.jdk/Contents/Home/jre/lib/ext/nashorn.jar:/Library/Java/JavaVirtualMachines/jdk1.8.0_112.jdk/Contents/Home/jre/lib/ext/sunec.jar:/Library/Java/JavaVirtualMachines/jdk1.8.0_112.jdk/Contents/Home/jre/lib/ext/sunjce_provider.jar:/Library/Java/JavaVirtualMachines/jdk1.8.0_112.jdk/Contents/Home/jre/lib/ext/sunpkcs11.jar:/Library/Java/JavaVirtualMachines/jdk1.8.0_112.jdk/Contents/Home/jre/lib/ext/zipfs.jar:/Library/Java/JavaVirtualMachines/jdk1.8.0_112.jdk/Contents/Home/jre/lib/javaws.jar:/Library/Java/JavaVirtualMachines/jdk1.8.0_112.jdk/Contents/Home/jre/lib/jce.jar:/Library/Java/JavaVirtualMachines/jdk1.8.0_112.jdk/Contents/Home/jre/lib/jfr.jar:/Library/Java/JavaVirtualMachines/jdk1.8.0_112.jdk/Contents/Home/jre/lib/jfxswt.jar:/Library/Java/JavaVirtualMachines/jdk1.8.0_112.jdk/Contents/Home/jre/lib/jsse.jar:/Library/Java/JavaVirtualMachines/jdk1.8.0_112.jdk/Contents/Home/jre/lib/management-agent.jar:/Library/Java/JavaVirtualMachines/jdk1.8.0_112.jdk/Contents/Home/jre/lib/plugin.jar:/Library/Java/JavaVirtualMachines/jdk1.8.0_112.jdk/Contents/Home/jre/lib/resources.jar:/Library/Java/JavaVirtualMachines/jdk1.8.0_112.jdk/Contents/Home/jre/lib/rt.jar:/Library/Java/JavaVirtualMachines/jdk1.8.0_112.jdk/Contents/Home/lib/ant-javafx.jar:/Library/Java/JavaVirtualMachines/jdk1.8.0_112.jdk/Contents/Home
Launcher Type: SUN_STANDARD

Environment Variables:
PATH=/usr/local/bin:/usr/bin:/bin:/usr/sbin:/sbin:/Applications/Wireshark.app/Contents/MacOS:/usr/local/mysql/bin
SHELL=/bin/bash

Signal Handlers:
SIGSEGV: [libjvm.dylib+0x5b11a5], sa_mask[0]=11111111011111110111111111111111, sa_flags=SA_ONSTACK|SA_RESTART|SA_SIGINFO
SIGBUS: [libjvm.dylib+0x5b11a5], sa_mask[0]=11111111011111110111111111111111, sa_flags=SA_RESTART|SA_SIGINFO
SIGFPE: [libjvm.dylib+0x487dc0], sa_mask[0]=11111111011111110111111111111111, sa_flags=SA_RESTART|SA_SIGINFO
SIGPIPE: [libjvm.dylib+0x487dc0], sa_mask[0]=11111111011111110111111111111111, sa_flags=SA_RESTART|SA_SIGINFO
SIGXFSZ: [libjvm.dylib+0x487dc0], sa_mask[0]=11111111011111110111111111111111, sa_flags=SA_RESTART|SA_SIGINFO
SIGILL: [libjvm.dylib+0x487dc0], sa_mask[0]=11111111011111110111111111111111, sa_flags=SA_RESTART|SA_SIGINFO
SIGUSR1: SIG_DFL, sa_mask[0]=00000000000000000000000000000000, sa_flags=none
SIGUSR2: [libjvm.dylib+0x4878de], sa_mask[0]=00100000000000000000000000000000, sa_flags=SA_RESTART|SA_SIGINFO
SIGHUP: [libjvm.dylib+0x485eb5], sa_mask[0]=11111111011111110111111111111111, sa_flags=SA_RESTART|SA_SIGINFO
SIGINT: [libjvm.dylib+0x485eb5], sa_mask[0]=11111111011111110111111111111111, sa_flags=SA_RESTART|SA_SIGINFO
SIGTERM: [libjvm.dylib+0x485eb5], sa_mask[0]=11111111011111110111111111111111, sa_flags=SA_RESTART|SA_SIGINFO
SIGQUIT: [libjvm.dylib+0x485eb5], sa_mask[0]=11111111011111110111111111111111, sa_flags=SA_RESTART|SA_SIGINFO


---------------  S Y S T E M  ---------------

OS:Bsduname:Darwin 16.5.0 Darwin Kernel Version 16.5.0: Fri Mar  3 16:52:33 PST 2017; root:xnu-3789.51.2~3/RELEASE_X86_64 x86_64
rlimit: STACK 8192k, CORE 0k, NPROC 709, NOFILE 10240, AS infinity
load average:2.75 2.72 2.51

CPU:total 8 (4 cores per cpu, 2 threads per core) family 6 model 94 stepping 3, cmov, cx8, fxsr, mmx, sse, sse2, sse3, ssse3, sse4.1, sse4.2, popcnt, avx, avx2, aes, clmul, erms, rtm, 3dnowpref, lzcnt, ht, tsc, tscinvbit, bmi1, bmi2, adx

Memory: 4k page, physical 16777216k(669368k free)

/proc/meminfo:


vm_info: Java HotSpot(TM) 64-Bit Server VM (25.112-b16) for bsd-amd64 JRE (1.8.0_112-b16), built on Sep 30 2016 22:41:41 by "java_re" with gcc 4.2.1 (Based on Apple Inc. build 5658) (LLVM build 2336.11.00)

time: Sat Apr  1 12:53:30 2017
elapsed time: 8 seconds (0d 0h 0m 8s)

